<?xml version="1.0" encoding="UTF-8"?>
<!-- Generated by org.testng.reporters.JUnitReportReporter -->
<testsuite hostname="LAP-TZD-1x76965" failures="0" tests="4" name="com.lhh.test.redeployment.RedeploymentJobRecommendation" time="719.620" errors="0" timestamp="2021-05-27T11:40:27 IST" skipped="0">
  <testcase classname="com.lhh.test.redeployment.RedeploymentJobRecommendation" name="TC_41837_VerifyRecommendationTabIsTheSubTabUnderJobsTab" time="170.949"/>
  <system-out>
usernameCRNElement is found successfully Entered the spriya17 in the usernameCRN textbox successfully passwordCRNElement is found successfully Entered the P@ssword123 in the passwordCRN textbox successfully letsdothisCRNElement is found successfully letsdothisCRNElement is found successfully Clicked on letsdothisCRN element successfully CRN Login is done successfully redeploymentJobsElement is found successfully redeploymentRecommendationElement is found successfully Recommendation Tab is present under the Job Tab  </system-out>
  <testcase classname="com.lhh.test.redeployment.RedeploymentJobRecommendation" name="TC_41839_VerifyTheFieldsForRecommendedJobs" time="191.032"/>
  <system-out>
usernameCRNElement is found successfully Entered the spriya17 in the usernameCRN textbox successfully passwordCRNElement is found successfully Entered the P@ssword123 in the passwordCRN textbox successfully letsdothisCRNElement is found successfully letsdothisCRNElement is found successfully Clicked on letsdothisCRN element successfully CRN Login is done successfully redeploymentJobsElement is found successfully redeploymentRecommendationElement is found successfully Company Name display under the Recommendation Cards Job Title display under the Recommendation Cards Job Title display under the Recommendation Cards Date Posted display under the Recommendation Cards 'Recommended By' display under the Recommendation Cards 'Job Description' display under the Recommendation Cards 'Min Salary' for Job display under the Recommendation Cards 'Max Salary' for Job display under the Recommendation Cards  </system-out>
  <testcase classname="com.lhh.test.redeployment.RedeploymentJobRecommendation" name="TC_41838_VerifyAllTheRecommendedJobsAreReflectingToCandidate" time="176.324"/>
  <system-out>
usernameCRNElement is found successfully Entered the spriya17 in the usernameCRN textbox successfully passwordCRNElement is found successfully Entered the P@ssword123 in the passwordCRN textbox successfully letsdothisCRNElement is found successfully letsdothisCRNElement is found successfully Clicked on letsdothisCRN element successfully CRN Login is done successfully redeploymentJobsElement is found successfully redeploymentRecommendationElement is found successfully All the jobs recommended by the hiring managers are displays under the Recommendation tab  </system-out>
  <testcase classname="com.lhh.test.redeployment.RedeploymentJobRecommendation" name="TC_41840_VerifyCandidateClickOnRecommendedJobCard" time="181.315"/>
  <system-out>
usernameCRNElement is found successfully Entered the spriya17 in the usernameCRN textbox successfully passwordCRNElement is found successfully Entered the P@ssword123 in the passwordCRN textbox successfully letsdothisCRNElement is found successfully letsdothisCRNElement is found successfully Clicked on letsdothisCRN element successfully CRN Login is done successfully redeploymentJobsElement is found successfully redeploymentRecommendationElement is found successfully redeploymentRecommendedCompanyNameElement is found successfully Clicked on redeploymentRecommendedCompanyName element successfully redeploymentApplyForJobElement is found successfully Apply for job on Job Details is displayed redeploymentRemoveJobTrackerElement is found successfully Plus icon on Job Details is displayed  </system-out>
</testsuite> <!-- com.lhh.test.redeployment.RedeploymentJobRecommendation -->
