<?xml version="1.0" encoding="UTF-8"?>
<!-- Generated by org.testng.reporters.JUnitReportReporter -->
<testsuite hostname="LAP-TZD-1x76965" failures="0" tests="4" name="com.lhh.test.ofc.CandidateProfileInfoTests" time="1053.156" errors="0" timestamp="2021-05-27T16:13:43 IST" skipped="0">
  <testcase classname="com.lhh.test.ofc.CandidateProfileInfoTests" name="TC_10125_validateAdvancedInfoFields" time="230.081"/>
  <system-out>
emailSSOElement is found successfully Entered the Ritesh.Sahu@lhh.com in the emailSSO textbox successfully passwordSSOElement is found successfully Entered the Papaya440@ in the passwordSSO textbox successfully signInSSOElement is found successfully Clicked on signInSSO element successfully SSO Login is done successfully queuesTabElement is found successfully Clicked on queuesTab element successfully queuesCandidatesTabElement is found successfully Clicked on queuesCandidatesTab element successfully candidateSearchBoxElement is found successfully Entered the Sebestian in the candidateSearchBox textbox successfully candidateNameListElement is found successfully candidateNameOnCardElement is found successfully Clicked on candidateNameOnCard element successfully candidateProfileTabElement is found successfully CandidateProfileInfoSection is displayed successfully candidateProfilePageBasicInfoLElement is found successfully candidateProfilePageAdvInfoElement is found successfully CandidateProfileBasicAdvTabs are displayed successfully candidateProfileBasiInfoActiveElement is found successfully candidateProfileBasiInfoActive is selected by default candidateProfilePageAdvInfoElement is found successfully Clicked on candidateProfilePageAdvInfo element successfully candidateProfilePageAdvInfo is clicked successfully candidateProfileFirstNamLAElement is found successfully candidateProfileFirstNamElement is found successfully candidateProfileLastNameLAElement is found successfully candidateProfileLastNamElement is found successfully candidateProfileSurNameLAElement is found successfully candidateProfileSurNameElement is found successfully candidateProfileNickNameLAElement is found successfully candidateProfileNickNameElement is found successfully candidateProfileEmailLAElement is found successfully candidateProfileEmailElement is found successfully candidateProfileAlterEmailLAElement is found successfully candidateProfileAlterEmailElement is found successfully candidateProfileUserNameLAElement is found successfully candidateProfileUserNameElement is found successfully candidateProfileTimeZoneLAElement is found successfully candidateProfileTimeZoneElement is found successfully candidateProfilePhoneNoLAElement is found successfully candidateProfilePhoneNoElement is found successfully candidateProfileMobileNoLAElement is found successfully candidateProfileMobileNoElement is found successfully candidateProfileWorkPhoneLAElement is found successfully candidateProfileWorkPhoneElement is found successfully candidateProfilePhoneCommentsLAElement is found successfully candidateProfilePhoneCommentsElement is found successfully candidateProfileHomeAddressLAElement is found successfully candidateProfileHomeAddressElement is found successfully candidateProfileHomeAddress2LAElement is found successfully candidateProfileHomeAddress2Element is found successfully candidateProfileCityLAElement is found successfully candidateProfileCityElement is found successfully candidateProfileStateLAElement is found successfully candidateProfileStateElement is found successfully candidateProfilePostalCodeLAElement is found successfully candidateProfilePostalCodeElement is found successfully candidateProfileCountryLAElement is found successfully candidateProfileCountryElement is found successfully candidateProfileDOBLAElement is found successfully candidateProfileDOBElement is found successfully candidateProfileBirthCountryLAElement is found successfully candidateProfileBirthCountryElement is found successfully candidateProfileGenderLAElement is found successfully candidateProfileGenderElement is found successfully candidateProfileEducationLAElement is found successfully candidateProfileEducationElement is found successfully candidateProfileLinkedInLAElement is found successfully candidateProfileLinkedInElement is found successfully candidateProfileLanguage2LAElement is found successfully candidateProfileLanguage2Element is found successfully candidateProfileOptInLAElement is found successfully candidateProfileOptInElement is found successfully validatelabelsAndFieldsUnderAdvancedInfo has been validated successfully candidateProfilePersonalInfoLAElement is found successfully candidateProfileMartialStatusLAElement is found successfully candidateProfileMartialStatusElement is found successfully candidateProfileImmirationStatusLAElement is found successfully candidateProfileImmirationStatusElement is found successfully candidateProfileDNINumberLAElement is found successfully candidateProfileDNINumberElement is found successfully candidateProfileEmerContactNameLAElement is found successfully candidateProfileEmerContactNameElement is found successfully candidateProfileEmerContactNoLAElement is found successfully candidateProfileEmerContactNoElement is found successfully candidateProfileCSPStatusLAElement is found successfully candidateProfileCSPStatusElement is found successfully candidateProfileChildrenDepLAElement is found successfully candidateProfileChildrenDepElement is found successfully candidateProfileHandiCapLAElement is found successfully candidateProfileHandiCapElement is found successfully candidateProfilePreviousJobLAElement is found successfully candidateProfileEmpIDLAElement is found successfully candidateProfileEmpIDElement is found successfully candidateProfileYrOfServLAElement is found successfully candidateProfileYrOfServElement is found successfully candidateProfileYrLastJobLAElement is found successfully candidateProfileYrLastJobElement is found successfully candidateProfileSeniorityLAElement is found successfully candidateProfileSeniorityElement is found successfully candidateProfileEManagerLAElement is found successfully candidateProfileEManagerElement is found successfully candidateProfileIndustryLAElement is found successfully candidateProfileIndustryElement is found successfully candidateProfileJobTitleLAElement is found successfully candidateProfileJobTitleElement is found successfully candidateProfileJobFunctionLAElement is found successfully candidateProfileJobFunctionElement is found successfully candidateProfileJobClassificationLAElement is found successfully candidateProfileJobClassificationElement is found successfully candidateProfileReasonOfTerminationLAElement is found successfully candidateProfileReasonOfTerminationElement is found successfully candidateProfileDepartDateLAElement is found successfully candidateProfileDepartDateElement is found successfully candidateProfileWorkLocationLAElement is found successfully candidateProfileWorkLocationElement is found successfully candidateProfileJSeveranceLAElement is found successfully candidateProfileJSeveranceElement is found successfully candidateProfileAnnualSalaryLAElement is found successfully candidateProfileAnnualSalaryElement is found successfully candidateProfileAnnualBonusLAElement is found successfully candidateProfileAnnualBonusElement is found successfully candidateProfileSpecializationLAElement is found successfully candidateProfileSpecializationElement is found successfully candidateProfileInterExpLAElement is found successfully candidateProfileInterExpElement is found successfully candidateProfileIdealJobLAElement is found successfully candidateProfileJobTitle2LAElement is found successfully candidateProfileJobTitle2Element is found successfully candidateProfileIdealLocationLAElement is found successfully candidateProfileIdealLocationElement is found successfully candidateProfileIndustry2LAElement is found successfully candidateProfileIndustry2Element is found successfully candidateProfileJobFunction2LAElement is found successfully candidateProfileJobFunction2Element is found successfully candidateProfileWorkAuthorizationLAElement is found successfully candidateProfileWorkAuthorizationElement is found successfully candidateProfileDateToStartLAElement is found successfully candidateProfileDateToStartElement is found successfully candidateProfileMinSalaryLAElement is found successfully candidateProfileMinSalaryElement is found successfully candidateProfileWillingToRelocateLAElement is found successfully candidateProfileWillingToRelocateElement is found successfully candidateProfileCitiesWillingToRelLAElement is found successfully candidateProfileCitiesWillingToRelElement is found successfully candidateProfileWillingToTravelLAElement is found successfully candidateProfileWillingToTravelElement is found successfully candidateProfileWillingToWFHLAElement is found successfully candidateProfileWillingToWFHElement is found successfully candidateProfileSaveBtnElement is found successfully validatePersonalInfoLabelsAndFieldsUnderAdvancedInfo has been validated successfully  </system-out>
  <testcase classname="com.lhh.test.ofc.CandidateProfileInfoTests" name="TC_10250_validateAdvancedInfoFieldChanges" time="247.715"/>
  <system-out>
emailSSOElement is found successfully Entered the Ritesh.Sahu@lhh.com in the emailSSO textbox successfully passwordSSOElement is found successfully Entered the Papaya440@ in the passwordSSO textbox successfully signInSSOElement is found successfully Clicked on signInSSO element successfully SSO Login is done successfully queuesTabElement is found successfully Clicked on queuesTab element successfully queuesCandidatesTabElement is found successfully Clicked on queuesCandidatesTab element successfully candidateSearchBoxElement is found successfully Entered the Sebestian in the candidateSearchBox textbox successfully candidateNameListElement is found successfully candidateNameOnCardElement is found successfully Clicked on candidateNameOnCard element successfully candidateProfileTabElement is found successfully CandidateProfileInfoSection is displayed successfully candidateProfilePageBasicInfoLElement is found successfully candidateProfilePageAdvInfoElement is found successfully CandidateProfileBasicAdvTabs are displayed successfully candidateProfilePageAdvInfoElement is found successfully Clicked on candidateProfilePageAdvInfo element successfully candidateProfilePageAdvInfo is clicked successfully candidateProfileEmailElement is found successfully Clicked on candidateProfileEmail element successfully candidateProfileEmailElement is found successfully cleared candidateProfileEmail element successfully candidateProfileEmailElement is found successfully Entered the Testlhh123@gmail.com in the candidateProfileEmail textbox successfully candidateProfileEmail is updated successfully candidateProfileLanguageElement is found successfully Clicked on candidateProfileLanguage element successfully candidateProfileAutoSearchTextLAElement is found successfully Entered the German (Germany) in the candidateProfileAutoSearchTextLA textbox successfully candidateProfileAutoSearchTextLAElement is found successfully Text value found for the :candidateProfileAutoSearchTextLA candidateProfileAutoSearchTextLAElement is found successfully Tabbing is done Successfully candidateProfileMartialStatusElement is found successfully Clicked on candidateProfileMartialStatus element successfully candidateProfileMartialStatusAutoSearchElement is found successfully Entered the Single in the candidateProfileMartialStatusAutoSearch textbox successfully candidateProfileMartialStatusAutoSearchElement is found successfully Text value found for the :candidateProfileMartialStatusAutoSearch candidateProfileMartialStatusAutoSearchElement is found successfully Tabbing is done Successfully candidateProfileEmerContactNoElement is found successfully Clicked on candidateProfileEmerContactNo element successfully candidateProfileEmerContactNoElement is found successfully cleared candidateProfileEmerContactNo element successfully candidateProfileEmerContactNoElement is found successfully Entered the 8656757657 in the candidateProfileEmerContactNo textbox successfully candidateProfileEmerContactNo is updated successfully candidateProfileEmpIDElement is found successfully Clicked on candidateProfileEmpID element successfully candidateProfileEmpIDElement is found successfully cleared candidateProfileEmpID element successfully candidateProfileEmpIDElement is found successfully Entered the 765 in the candidateProfileEmpID textbox successfully candidateProfileEmpID is updated successfully candidateProfileJobTitleElement is found successfully Clicked on candidateProfileJobTitle element successfully candidateProfileJobTitleElement is found successfully cleared candidateProfileJobTitle element successfully candidateProfileJobTitleElement is found successfully Entered the Python Developer in the candidateProfileJobTitle textbox successfully candidateProfileJobTitle is updated successfully candidateProfileMinSalaryElement is found successfully Clicked on candidateProfileMinSalary element successfully candidateProfileMinSalaryElement is found successfully cleared candidateProfileMinSalary element successfully candidateProfileMinSalaryElement is found successfully Entered the 2000 in the candidateProfileMinSalary textbox successfully candidateProfileMinSalary is updated successfully candidateProfileCitiesWillingToRelElement is found successfully Clicked on candidateProfileCitiesWillingToRel element successfully candidateProfileCitiesWillingToRelElement is found successfully cleared candidateProfileCitiesWillingToRel element successfully candidateProfileCitiesWillingToRelElement is found successfully Entered the Boston,Florida in the candidateProfileCitiesWillingToRel textbox successfully candidateProfileCitiesWillingToRel is updated successfully candidateProfileSaveBtnElement is found successfully Clicked on candidateProfileSaveBtn element successfully candidateProfileSaveBtn is clicked successfully candidateProfileEmailElement is found successfully Expected Text matched with the Actual Text candidateProfileLanguageElement is found successfully Expected text matched with the Actual Text candidateProfileMartialStatusElement is found successfully Expected text matched with the Actual Text candidateProfileEmerContactNoElement is found successfully Expected Text matched with the Actual Text candidateProfileEmpIDElement is found successfully Expected Text matched with the Actual Text candidateProfileJobTitleElement is found successfully Expected Text matched with the Actual Text candidateProfileMinSalaryElement is found successfully Expected Text matched with the Actual Text candidateProfileCitiesWillingToRelElement is found successfully Expected Text matched with the Actual Text All the fields are updated successfully  </system-out>
  <testcase classname="com.lhh.test.ofc.CandidateProfileInfoTests" name="TC_10249_validateBasicInfoFieldChanges" time="421.777"/>
  <system-out>
emailSSOElement is found successfully Entered the Ritesh.Sahu@lhh.com in the emailSSO textbox successfully passwordSSOElement is found successfully Entered the Papaya440@ in the passwordSSO textbox successfully signInSSOElement is found successfully Clicked on signInSSO element successfully SSO Login is done successfully queuesTabElement is found successfully Clicked on queuesTab element successfully queuesCandidatesTabElement is found successfully Clicked on queuesCandidatesTab element successfully candidateSearchBoxElement is found successfully Entered the Sebestian in the candidateSearchBox textbox successfully candidateNameListElement is found successfully candidateNameOnCardElement is found successfully Clicked on candidateNameOnCard element successfully candidateProfileTabElement is found successfully CandidateProfileInfoSection is displayed successfully candidateProfilePageBasicInfoLElement is found successfully candidateProfilePageAdvInfoElement is found successfully CandidateProfileBasicAdvTabs are displayed successfully candidateProfileEmailElement is found successfully Clicked on candidateProfileEmail element successfully candidateProfileEmailElement is found successfully cleared candidateProfileEmail element successfully candidateProfileEmailElement is found successfully Entered the Testlhh123@gmail.com in the candidateProfileEmail textbox successfully candidateProfileEmail is updated successfully candidateProfilePostalCodeElement is found successfully Clicked on candidateProfilePostalCode element successfully candidateProfilePostalCodeElement is found successfully cleared candidateProfilePostalCode element successfully candidateProfilePostalCodeElement is found successfully Entered the 220034 in the candidateProfilePostalCode textbox successfully candidateProfilePostalCode is updated successfully candidateProfileLanguageElement is found successfully Clicked on candidateProfileLanguage element successfully candidateProfileAutoSearchTextLAElement is found successfully Entered the German (Germany) in the candidateProfileAutoSearchTextLA textbox successfully candidateProfileAutoSearchTextLAElement is found successfully Text value found for the :candidateProfileAutoSearchTextLA candidateProfileAutoSearchTextLAElement is found successfully Tabbing is done Successfully candidateProfileSeniorityElement is found successfully Clicked on candidateProfileSeniority element successfully candidateprofileSenioritAutoSearchElement is found successfully Entered the Director in the candidateprofileSenioritAutoSearch textbox successfully candidateprofileSenioritAutoSearchElement is found successfully Text value found for the :candidateprofileSenioritAutoSearch candidateprofileSenioritAutoSearchElement is found successfully Tabbing is done Successfully candidateProfileJobTitleElement is found successfully Clicked on candidateProfileJobTitle element successfully candidateProfileJobTitleElement is found successfully cleared candidateProfileJobTitle element successfully candidateProfileJobTitleElement is found successfully Entered the Java Developer in the candidateProfileJobTitle textbox successfully candidateProfileJobTitle is updated successfully candidateProfileSaveBtnElement is found successfully Clicked on candidateProfileSaveBtn element successfully candidateProfileSaveBtn is clicked successfully candidateProfileEmailElement is found successfully Expected Text matched with the Actual Text candidateProfilePostalCodeElement is found successfully Expected Text matched with the Actual Text candidateProfileLanguageElement is found successfully Expected text matched with the Actual Text candidateProfileSeniorityElement is found successfully Expected text matched with the Actual Text candidateProfileJobTitleElement is found successfully Expected Text matched with the Actual Text All the fields are updated successfully  </system-out>
  <testcase classname="com.lhh.test.ofc.CandidateProfileInfoTests" name="TC_10124_validateBasicInfoFields" time="153.583"/>
  <system-out>
emailSSOElement is found successfully Entered the Ritesh.Sahu@lhh.com in the emailSSO textbox successfully passwordSSOElement is found successfully Entered the Papaya440@ in the passwordSSO textbox successfully signInSSOElement is found successfully Clicked on signInSSO element successfully SSO Login is done successfully queuesTabElement is found successfully Clicked on queuesTab element successfully queuesCandidatesTabElement is found successfully Clicked on queuesCandidatesTab element successfully candidateSearchBoxElement is found successfully Entered the Sebestian in the candidateSearchBox textbox successfully candidateNameListElement is found successfully candidateNameOnCardElement is found successfully Clicked on candidateNameOnCard element successfully candidateProfileTabElement is found successfully CandidateProfileInfoSection is displayed successfully candidateProfilePageBasicInfoLElement is found successfully candidateProfilePageAdvInfoElement is found successfully CandidateProfileBasicAdvTabs are displayed successfully candidateProfileBasiInfoActiveElement is found successfully candidateProfileBasiInfoActive is selected by default candidateProfileFirstNamLAElement is found successfully candidateProfileFirstNamElement is found successfully candidateProfileLastNameLAElement is found successfully candidateProfileLastNamElement is found successfully candidateProfileNickNameLAElement is found successfully candidateProfileNickNameElement is found successfully candidateProfileEmailLAElement is found successfully candidateProfileEmailElement is found successfully candidateProfileUserNameLAElement is found successfully candidateProfileUserNameElement is found successfully candidateProfilePhoneNoLAElement is found successfully candidateProfilePhoneNoElement is found successfully candidateProfileMobileNoLAElement is found successfully candidateProfileMobileNoElement is found successfully candidateProfileHomeAddressLAElement is found successfully candidateProfileHomeAddressElement is found successfully candidateProfileHomeAddress2LAElement is found successfully candidateProfileHomeAddress2Element is found successfully candidateProfileCityLAElement is found successfully candidateProfileCityElement is found successfully candidateProfileStateLAElement is found successfully candidateProfileStateElement is found successfully candidateProfilePostalCodeLAElement is found successfully candidateProfilePostalCodeElement is found successfully candidateProfileCountryLAElement is found successfully candidateProfileCountryElement is found successfully candidateProfileLinkedInLAElement is found successfully candidateProfileLinkedInElement is found successfully candidateProfileLanguagee1labelElement is found successfully candidateProfileLanguageElement is found successfully candidateProfilePreviousJobLAElement is found successfully candidateProfileSeniorityLAElement is found successfully candidateProfileSeniorityElement is found successfully candidateProfileIndustryLAElement is found successfully candidateProfileIndustryElement is found successfully candidateProfileJobTitleLAElement is found successfully candidateProfileJobTitleElement is found successfully candidateProfileJobTitle2LAElement is found successfully candidateProfileJobTitle2Element is found successfully candidateProfileIdealLocationLAElement is found successfully candidateProfileIdealLocationElement is found successfully candidateProfileIndustry2LAElement is found successfully candidateProfileIndustry2Element is found successfully candidateProfileSaveBtnElement is found successfully validatelabelsAndFieldsUnderBasicInfo has been validated successfully  </system-out>
</testsuite> <!-- com.lhh.test.ofc.CandidateProfileInfoTests -->
