<?xml version="1.0" encoding="UTF-8"?>
<!-- Generated by org.testng.reporters.JUnitReportReporter -->
<testsuite hostname="LAP-TZD-1x76965" failures="0" tests="1" name="com.lhh.test.redeployment.RedeploymentJobTrackerTests" time="241.426" errors="0" timestamp="2021-09-08T10:40:28 IST" skipped="0">
  <testcase classname="com.lhh.test.redeployment.RedeploymentJobTrackerTests" name="TC_34278_VerifyPencilIconWillDisplayUserEnteredAnyInformationJobStage" time="241.426"/>
  <system-out>
usernameCRNElement is found successfully Entered the Jhide.Philips in the usernameCRN textbox successfully passwordCRNElement is found successfully Entered the P@ssword123 in the passwordCRN textbox successfully letsdothisCRNElement is found successfully letsdothisCRNElement is found successfully Clicked on letsdothisCRN element successfully CRN Login is done successfully redeploymentJobsElement is found successfully redeploymentJobTrackerElement is found successfully RedeploymentJobTrackerPage is displayed redploymentJobStatusElement is found successfully redploymentJobStatusis present redploymentJobTrackerStageAppliedElement is found successfully redploymentJobTrackerStageAppliedElement is found successfully redploymentJobTrackerStageAppliedElement is found successfully Text value found for the :redploymentJobTrackerStageApplied Text value found for the :[[ChromeDriver: chrome on WINDOWS (c25d2e76700ff706b60ba235d24c25f3)] -> xpath: //div[div[div[div[a[span[contains(text(),'UAT Test Job 24 Aug')]]]]]]/following-sibling::div//div/a/span] redeploymentPlusIconElement is found successfully redeploymentPlusIconElement is found successfully redeploymentJobTrackerModalBoxElement is found successfully redeploymentDateFieldElement is found successfully Clicked on redeploymentDateField element successfully Desired date is selected redeploymentDateFieldElement is found successfully redeploymentAddDescriptionElement is found successfully redeploymentAddDescriptionElement is found successfully Entered the TestForPencilIconAfterSave in the redeploymentAddDescription textbox successfully redeploymentSaveJobTrackerElement is found successfully redeploymentTickMarkInNumberedIconElement is found successfully redeploymentTickMarkInNumberedIconElement is found successfully redeploymentPencilIconElement is found successfully redeploymentTickMarkInNumberedIconElement is found successfully redeploymentPencilIconElement is found successfully redeploymentRemoveButtonJobTrackerElement is found successfully RedOkButtonElement is found successfully Text value found for the :[[ChromeDriver: chrome on WINDOWS (c25d2e76700ff706b60ba235d24c25f3)] -> xpath: //div[div[div[div[a[span[contains(text(),'UAT Test Job 24 Aug')]]]]]]/following-sibling::div//div/a/span] redeploymentPlusIconElement is found successfully redeploymentPlusIconElement is found successfully redeploymentJobTrackerModalBoxElement is found successfully redeploymentDateFieldElement is found successfully Clicked on redeploymentDateField element successfully Desired date is selected redeploymentDateFieldElement is found successfully redeploymentAddDescriptionElement is found successfully redeploymentAddDescriptionElement is found successfully Entered the TestForPencilIconAfterSave in the redeploymentAddDescription textbox successfully redeploymentSaveJobTrackerElement is found successfully redeploymentTickMarkInNumberedIconElement is found successfully redeploymentTickMarkInNumberedIconElement is found successfully redeploymentPencilIconElement is found successfully redeploymentTickMarkInNumberedIconElement is found successfully redeploymentPencilIconElement is found successfully redeploymentRemoveButtonJobTrackerElement is found successfully RedOkButtonElement is found successfully Text value found for the :[[ChromeDriver: chrome on WINDOWS (c25d2e76700ff706b60ba235d24c25f3)] -> xpath: //div[div[div[div[a[span[contains(text(),'UAT Test Job 24 Aug')]]]]]]/following-sibling::div//div/a/span] redeploymentPlusIconElement is found successfully redeploymentPlusIconElement is found successfully redeploymentJobTrackerModalBoxElement is found successfully redeploymentDateFieldElement is found successfully Clicked on redeploymentDateField element successfully Desired date is selected redeploymentDateFieldElement is found successfully redeploymentAddDescriptionElement is found successfully redeploymentAddDescriptionElement is found successfully Entered the TestForPencilIconAfterSave in the redeploymentAddDescription textbox successfully redeploymentSaveJobTrackerElement is found successfully redeploymentTickMarkInNumberedIconElement is found successfully redeploymentTickMarkInNumberedIconElement is found successfully redeploymentPencilIconElement is found successfully redeploymentTickMarkInNumberedIconElement is found successfully redeploymentPencilIconElement is found successfully redeploymentRemoveButtonJobTrackerElement is found successfully RedOkButtonElement is found successfully Text value found for the :[[ChromeDriver: chrome on WINDOWS (c25d2e76700ff706b60ba235d24c25f3)] -> xpath: //div[div[div[div[a[span[contains(text(),'UAT Test Job 24 Aug')]]]]]]/following-sibling::div//div/a/span] redeploymentPlusIconElement is found successfully redeploymentPlusIconElement is found successfully redeploymentJobTrackerModalBoxElement is found successfully redeploymentDateFieldElement is found successfully Clicked on redeploymentDateField element successfully Desired date is selected redeploymentDateFieldElement is found successfully redeploymentAddDescriptionElement is found successfully redeploymentAddDescriptionElement is found successfully Entered the TestForPencilIconAfterSave in the redeploymentAddDescription textbox successfully redeploymentSaveJobTrackerElement is found successfully redeploymentTickMarkInNumberedIconElement is found successfully redeploymentTickMarkInNumberedIconElement is found successfully redeploymentPencilIconElement is found successfully redeploymentTickMarkInNumberedIconElement is found successfully redeploymentPencilIconElement is found successfully redeploymentRemoveButtonJobTrackerElement is found successfully RedOkButtonElement is found successfully Text value found for the :[[ChromeDriver: chrome on WINDOWS (c25d2e76700ff706b60ba235d24c25f3)] -> xpath: //div[div[div[div[a[span[contains(text(),'UAT Test Job 24 Aug')]]]]]]/following-sibling::div//div/a/span] redeploymentPlusIconElement is found successfully redeploymentPlusIconElement is found successfully redeploymentJobTrackerModalBoxElement is found successfully redeploymentDateFieldElement is found successfully Clicked on redeploymentDateField element successfully Desired date is selected redeploymentDateFieldElement is found successfully redeploymentAddDescriptionElement is found successfully redeploymentAddDescriptionElement is found successfully Entered the TestForPencilIconAfterSave in the redeploymentAddDescription textbox successfully redeploymentSaveJobTrackerElement is found successfully redeploymentTickMarkInNumberedIconElement is found successfully redeploymentTickMarkInNumberedIconElement is found successfully redeploymentPencilIconElement is found successfully redeploymentTickMarkInNumberedIconElement is found successfully redeploymentPencilIconElement is found successfully redeploymentRemoveButtonJobTrackerElement is found successfully RedOkButtonElement is found successfully Pencil icon is present user clicks on Tick icon  </system-out>
</testsuite> <!-- com.lhh.test.redeployment.RedeploymentJobTrackerTests -->
