<?xml version="1.0" encoding="UTF-8"?>
<!-- Generated by org.testng.reporters.JUnitReportReporter -->
<testsuite hostname="LAP-TZD-1x76965" failures="0" tests="1" name="com.lhh.test.redeployment.RedeploymentCandidateOnboardingProfileUploadTests" time="327.782" errors="0" timestamp="2021-09-03T11:43:33 IST" skipped="0">
  <testcase classname="com.lhh.test.redeployment.RedeploymentCandidateOnboardingProfileUploadTests" name="TC_38233_verifyUserUploadedDocumentsSizeAndFileType" time="327.782"/>
  <system-out>
usernameCRNElement is found successfully Entered the creic595 in the usernameCRN textbox successfully passwordCRNElement is found successfully Entered the P@ssword123 in the passwordCRN textbox successfully letsdothisCRNElement is found successfully letsdothisCRNElement is found successfully Clicked on letsdothisCRN element successfully CRN Login is done successfully CookieBannerCloseBtnElement is found successfully Clicked on CookieBannerCloseBtn element successfully Cookie Banner closed successfully https://uat.candidate.lhh.com/#/redwelcome is having the text redwelcome RedWelcome page is successfully displayed redeploymentNextButtonElement is found successfully Clicked on redeploymentNextButton element successfully https://uat.candidate.lhh.com/#/resumeUpload is having the text resumeUpload onboardingWelcomePageHeadingElement is found successfully onboardingWelcomePageHeadingElement is found successfully Onboarding welcome page is displayed successfully onboardingWelcomeResumeUploadLinkElement is found successfully resumeUploadSuccessElement is found successfully resumeUploadSuccessElement is found successfully uploadResumeSuccessImgElement is found successfully uploadResumeSuccessImgElement is found successfully doneBtnElement is found successfully doneBtnElement is found successfully Resume is successfully uploaded doneBtnElement is found successfully redeploymentHomePageElement is found successfully Home page is displayed redeploymentProfileIconOnHomePageElement is found successfully Clicked on redeploymentProfileIconOnHomePage element successfully logoutCTCandidateElement is found successfully usernameCRNElement is found successfully Entered the creic595 in the usernameCRN textbox successfully passwordCRNElement is found successfully Entered the P@ssword123 in the passwordCRN textbox successfully letsdothisCRNElement is found successfully letsdothisCRNElement is found successfully Clicked on letsdothisCRN element successfully CRN Login is done successfully Cookie Banner is not present https://uat.candidate.lhh.com/#/redwelcome is having the text redwelcome RedWelcome page is successfully displayed redeploymentNextButtonElement is found successfully Clicked on redeploymentNextButton element successfully https://uat.candidate.lhh.com/#/resumeUpload is having the text resumeUpload onboardingWelcomePageHeadingElement is found successfully onboardingWelcomePageHeadingElement is found successfully Onboarding welcome page is displayed successfully onboardingWelcomeResumeUploadLinkElement is found successfully resumeUploadSuccessElement is found successfully resumeUploadSuccessElement is found successfully uploadResumeSuccessImgElement is found successfully uploadResumeSuccessImgElement is found successfully doneBtnElement is found successfully doneBtnElement is found successfully Resume is successfully uploaded doneBtnElement is found successfully redeploymentHomePageElement is found successfully Home page is displayed redeploymentProfileIconOnHomePageElement is found successfully Clicked on redeploymentProfileIconOnHomePage element successfully logoutCTCandidateElement is found successfully usernameCRNElement is found successfully Entered the creic595 in the usernameCRN textbox successfully passwordCRNElement is found successfully Entered the P@ssword123 in the passwordCRN textbox successfully letsdothisCRNElement is found successfully letsdothisCRNElement is found successfully Clicked on letsdothisCRN element successfully CRN Login is done successfully Cookie Banner is not present https://uat.candidate.lhh.com/#/redwelcome is having the text redwelcome RedWelcome page is successfully displayed redeploymentNextButtonElement is found successfully Clicked on redeploymentNextButton element successfully https://uat.candidate.lhh.com/#/resumeUpload is having the text resumeUpload onboardingWelcomePageHeadingElement is found successfully onboardingWelcomePageHeadingElement is found successfully Onboarding welcome page is displayed successfully onboardingWelcomeResumeUploadLinkElement is found successfully resumeUploadSuccessElement is found successfully resumeUploadSuccessElement is found successfully uploadResumeSuccessImgElement is found successfully uploadResumeSuccessImgElement is found successfully doneBtnElement is found successfully doneBtnElement is found successfully Resume is successfully uploaded doneBtnElement is found successfully redeploymentHomePageElement is found successfully Home page is displayed redeploymentProfileIconOnHomePageElement is found successfully Clicked on redeploymentProfileIconOnHomePage element successfully logoutCTCandidateElement is found successfully usernameCRNElement is found successfully Entered the creic595 in the usernameCRN textbox successfully passwordCRNElement is found successfully Entered the P@ssword123 in the passwordCRN textbox successfully letsdothisCRNElement is found successfully letsdothisCRNElement is found successfully Clicked on letsdothisCRN element successfully CRN Login is done successfully Cookie Banner is not present https://uat.candidate.lhh.com/#/redwelcome is having the text redwelcome RedWelcome page is successfully displayed redeploymentNextButtonElement is found successfully Clicked on redeploymentNextButton element successfully https://uat.candidate.lhh.com/#/resumeUpload is having the text resumeUpload onboardingWelcomePageHeadingElement is found successfully onboardingWelcomePageHeadingElement is found successfully Onboarding welcome page is displayed successfully onboardingWelcomeResumeUploadLinkElement is found successfully resumeUploadSuccessElement is found successfully resumeUploadSuccessElement is found successfully uploadResumeSuccessImgElement is found successfully uploadResumeSuccessImgElement is found successfully doneBtnElement is found successfully doneBtnElement is found successfully Resume is successfully uploaded doneBtnElement is found successfully redeploymentHomePageElement is found successfully Home page is displayed redeploymentProfileIconOnHomePageElement is found successfully Clicked on redeploymentProfileIconOnHomePage element successfully logoutCTCandidateElement is found successfully File Type supported and file size are validated successfully usernameCRNElement is found successfully Entered the creic595 in the usernameCRN textbox successfully passwordCRNElement is found successfully Entered the P@ssword123 in the passwordCRN textbox successfully letsdothisCRNElement is found successfully letsdothisCRNElement is found successfully Clicked on letsdothisCRN element successfully CRN Login is done successfully Cookie Banner is not present https://uat.candidate.lhh.com/#/redwelcome is having the text redwelcome RedWelcome page is successfully displayed redeploymentNextButtonElement is found successfully Clicked on redeploymentNextButton element successfully https://uat.candidate.lhh.com/#/resumeUpload is having the text resumeUpload onboardingWelcomePageHeadingElement is found successfully onboardingWelcomePageHeadingElement is found successfully Onboarding welcome page is displayed successfully onboardingWelcomeResumeUploadLinkElement is found successfully fileErrorElement is found successfully Text value found for the :fileError Actual text is matched with the exptected text backButtonInOnbordingElement is found successfully onboardingWelcomeResumeUploadLinkElement is found successfully fileErrorElement is found successfully Text value found for the :fileError Actual text is matched with the exptected text backButtonInOnbordingElement is found successfully onboardingWelcomeResumeUploadLinkElement is found successfully fileErrorElement is found successfully Text value found for the :fileError Actual text is matched with the exptected text backButtonInOnbordingElement is found successfully onboardingWelcomeResumeUploadLinkElement is found successfully fileErrorElement is found successfully Text value found for the :fileError Actual text is matched with the exptected text backButtonInOnbordingElement is found successfully File error is displayed uploading file size greater than 10MB  </system-out>
</testsuite> <!-- com.lhh.test.redeployment.RedeploymentCandidateOnboardingProfileUploadTests -->
