<?xml version="1.0" encoding="UTF-8"?>
<!-- Generated by org.testng.reporters.JUnitReportReporter -->
<testsuite hostname="LAP-TZD-1x76965" failures="0" tests="1" name="com.lhh.test.redeployment.RedeploymentJobDetailsTests" time="232.911" errors="0" timestamp="2021-09-08T14:11:58 IST" skipped="0">
  <testcase classname="com.lhh.test.redeployment.RedeploymentJobDetailsTests" name="TC_30470_VerifyJobDetailPageContainsRequiredFileds" time="232.911"/>
  <system-out>
usernameCRNElement is found successfully Entered the Jhide.Philips in the usernameCRN textbox successfully passwordCRNElement is found successfully Entered the P@ssword123 in the passwordCRN textbox successfully letsdothisCRNElement is found successfully letsdothisCRNElement is found successfully Clicked on letsdothisCRN element successfully CRN Login is done successfully redeploymentJobsMenuElement is found successfully redeploymentJobSearchTitleElement is found successfully redeploymentJobSearchTitleElement is found successfully Clicked on redeploymentJobSearchTitle element successfully redeploymentJobSearchTabElement is found successfully Expected Text matched with the Actual Text redeploymentCompanyElement is found successfully redeploymentCompanyElement is found successfully Clicked on redeploymentCompany element successfully redeploymentJobSearchTitleElement is found successfully redeploymentJobSearchTitleElement is found successfully Clicked on redeploymentJobSearchTitle element successfully redeploymentJobTitleTextBoxElement is found successfully Entered the Contact Job Test in the redeploymentJobTitleTextBox textbox successfully redeploymentJobLocationTextBoxElement is found successfully Entered the  in the redeploymentJobLocationTextBox textbox successfully redeploymentJobSearchButtonElement is found successfully Clicked on redeploymentJobSearchButton element successfully redeploymentJobSearchButtonElement is found successfully Clicked on redeploymentJobSearchButton element successfully Jobs are searched successfully redeploymentResultElement is found successfully Result is displayed https://uat.candidate.lhh.com/#/jobs/details?jobId=40002102&countryName=United%20States is having the text jobs/details Job details page is opened successfully redeploymentDescriptionElement is found successfully Apply for job,Remove from tracker,Job Date,Job Location,JobIndustry,Job Function,Job Description and Salary is displayed  </system-out>
</testsuite> <!-- com.lhh.test.redeployment.RedeploymentJobDetailsTests -->
