<?xml version="1.0" encoding="UTF-8"?>
<!-- Generated by org.testng.reporters.JUnitReportReporter -->
<testsuite hostname="LAP-TZD-1x76965" failures="0" tests="1" name="com.lhh.test.hrportal.MyResourcesTests" time="90.490" errors="0" timestamp="2021-09-09T16:54:03 IST" skipped="0">
  <testcase classname="com.lhh.test.hrportal.MyResourcesTests" name="TC_37605_verifyRecordsDisplayedSearchOperationProjectName" time="90.490"/>
  <system-out>
hrPortalUserNameElement is found successfully Entered the rajeshnaidu in the hrPortalUserName textbox successfully hrPortalPasswordElement is found successfully Entered the Amazon@1234 in the hrPortalPassword textbox successfully hrPortalEnterSiteElement is found successfully hrPortalEnterSiteElement is found successfully Amazon Login is done successfully projectNameInputBoxElement is found successfully projectNameInputBoxElement is found successfully Entered the Amazon in the projectNameInputBox textbox successfully projectNameInputBoxElement is found successfully searchButtonElement is found successfully Project name is having text value searchResultElement is found successfully Search Result is displayed tablescrollElement is found successfully tablescrollElement is found successfully Filtered Project Name is matching tablescrollElement is found successfully tablescrollElement is found successfully Filtered Project Name is matching tablescrollElement is found successfully tablescrollElement is found successfully Filtered Project Name is matching tablescrollElement is found successfully tablescrollElement is found successfully Filtered Project Name is matching tablescrollElement is found successfully tablescrollElement is found successfully Filtered Project Name is matching tablescrollElement is found successfully tablescrollElement is found successfully Filtered Project Name is matching tablescrollElement is found successfully tablescrollElement is found successfully Filtered Project Name is matching tablescrollElement is found successfully tablescrollElement is found successfully Filtered Project Name is matching tablescrollElement is found successfully tablescrollElement is found successfully Filtered Project Name is matching tablescrollElement is found successfully tablescrollElement is found successfully Filtered Project Name is matching searchResultElement is found successfully Scroll is present for more than 8 records projectNameInputBoxElement is found successfully projectNameInputBoxElement is found successfully Entered the Ama in the projectNameInputBox textbox successfully projectNameInputBoxElement is found successfully searchButtonElement is found successfully Project name is having text value searchResultElement is found successfully Search Result is displayed tablescrollElement is found successfully tablescrollElement is found successfully Filtered Project Name is matching tablescrollElement is found successfully tablescrollElement is found successfully Filtered Project Name is matching tablescrollElement is found successfully tablescrollElement is found successfully Filtered Project Name is matching tablescrollElement is found successfully tablescrollElement is found successfully Filtered Project Name is matching tablescrollElement is found successfully tablescrollElement is found successfully Filtered Project Name is matching tablescrollElement is found successfully tablescrollElement is found successfully Filtered Project Name is matching tablescrollElement is found successfully tablescrollElement is found successfully Filtered Project Name is matching tablescrollElement is found successfully tablescrollElement is found successfully Filtered Project Name is matching tablescrollElement is found successfully tablescrollElement is found successfully Filtered Project Name is matching tablescrollElement is found successfully tablescrollElement is found successfully Filtered Project Name is matching searchResultElement is found successfully Scroll is present for more than 8 records  </system-out>
</testsuite> <!-- com.lhh.test.hrportal.MyResourcesTests -->
