<?xml version="1.0" encoding="UTF-8"?>
<!-- Generated by org.testng.reporters.JUnitReportReporter -->
<testsuite hostname="LAP-TZD-1x76965" failures="1" tests="3" name="com.lhh.test.hrportal.MyResourceUITest" time="100.323" errors="0" timestamp="2021-09-08T11:53:21 IST" skipped="0">
  <testcase classname="com.lhh.test.hrportal.MyResourceUITest" name="TC_36351_VerifyUIOfMyResourcesPage" time="33.241"/>
  <system-out>
hrPortalUserNameElement is found successfully Entered the Amazon9092 in the hrPortalUserName textbox successfully hrPortalPasswordElement is found successfully Entered the Amazon@123 in the hrPortalPassword textbox successfully hrPortalEnterSiteElement is found successfully hrPortalEnterSiteElement is found successfully Clicked on hrPortalEnterSite element successfully Amazon Login is done successfully myresourcesElement is found successfully My Resources header is displayed myresourcesElement is found successfully My Resources is selected by default uploadDocumentElement is found successfully Upload Document is not selected by default projectName/EmpIdLabelElement is found successfully Expected Text matched with the Actual Text projectNameInputBoxElement is found successfully Expected Text matched with the Actual Text projectNameInputBoxElement is found successfully [[ChromeDriver: chrome on WINDOWS (577f21bb4f30f98770a1d2d8ab468114)] -> xpath: //input[@name='projectName']]is a text box projectName/EmpIdLabelElement is found successfully Expected font matched with the Actual font projectName/EmpIdLabelElement is found successfully Text value found for the :projectName/EmpIdLabel Actual text is matched with the exptected text projectName/EmpIdLabelElement is found successfully Expected font matched with the Actual font projectNameInputBoxElement is found successfully candidateNameElement is found successfully Project Name/Id is matching candidateLabelElement is found successfully Expected Text matched with the Actual Text candidateNameElement is found successfully Expected Text matched with the Actual Text candidateNameElement is found successfully [[ChromeDriver: chrome on WINDOWS (577f21bb4f30f98770a1d2d8ab468114)] -> xpath: //input[@name='candidateName']]is a text box candidateLabelElement is found successfully Expected font matched with the Actual font candidateLabelElement is found successfully Text value found for the :candidateLabel Actual text is matched with the exptected text candidateLabelElement is found successfully Expected font matched with the Actual font candidateNameElement is found successfully documentInputBoxElement is found successfully documentNameLabelElement is found successfully Expected Text matched with the Actual Text documentInputBoxElement is found successfully Expected Text matched with the Actual Text documentInputBoxElement is found successfully [[ChromeDriver: chrome on WINDOWS (577f21bb4f30f98770a1d2d8ab468114)] -> xpath: //input[@name='documentName']]is a text box documentNameLabelElement is found successfully Expected font matched with the Actual font documentNameLabelElement is found successfully Text value found for the :documentNameLabel Actual text is matched with the exptected text documentNameLabelElement is found successfully Expected font matched with the Actual font projectNameInputBoxElement is found successfully documentInputBoxElement is found successfully searchButtonElement is found successfully Expected Text matched with the Actual Text searchButtonElement is found successfully Expected Color matched with the Actual Color documentInputBoxElement is found successfully searchButtonElement is found successfully Document Listing Column is arranged in order Expected Color matched with the Actual Color Expected Color matched with the Actual Color Expected Font matched with the Actual Font Expected Color matched with the Actual Color Expected Color matched with the Actual Color Expected Font matched with the Actual Font Expected Color matched with the Actual Color Expected Color matched with the Actual Color Expected Font matched with the Actual Font Expected Color matched with the Actual Color Expected Color matched with the Actual Color Expected Font matched with the Actual Font Expected Color matched with the Actual Color Expected Color matched with the Actual Color Expected Font matched with the Actual Font Expected Color matched with the Actual Color Expected Color matched with the Actual Color Expected Font matched with the Actual Font footerTextElement is found successfully footerTextElement is found successfully Text value found for the :footerText Actual text is matched with the exptected text Copyright symbol is displayed in footer amazonAndEmployeeServicesLogoElement is found successfully exportCSVElement is found successfully amazonAndEmployeeServicesLogoElement is found successfully [[ChromeDriver: chrome on WINDOWS (577f21bb4f30f98770a1d2d8ab468114)] -> xpath: //img[@class='primary-logo']]is a text box amazonAndEmployeeServicesLogoElement is found successfully exportCSVElement is found successfully Amazon and Employee services/Export CSV is having alt attribute  </system-out>
  <testcase classname="com.lhh.test.hrportal.MyResourceUITest" name="TC_36647_VerifyPageIsReadableAndFunctionalPageZoomTo200Percent" time="35.831">
    <failure message="Project Name is not in correct Postion" type="java.lang.AssertionError">
      <![CDATA[java.lang.AssertionError: Project Name is not in correct Postion
at org.testng.Assert.fail(Assert.java:97)
at com.lhh.framework.reports.ReportStep.hardFail(ReportStep.java:85)
at com.lhh.test.businessfunctions.MyResourcesPage.verifyLookAndFeelAndPositionOfProjectNameOrIdAfterZoom(MyResourcesPage.java:1137)
at com.lhh.test.hrportal.MyResourceUITest.TC_36647_VerifyPageIsReadableAndFunctionalPageZoomTo200Percent(MyResourceUITest.java:47)
at java.base/jdk.internal.reflect.NativeMethodAccessorImpl.invoke0(Native Method)
at java.base/jdk.internal.reflect.NativeMethodAccessorImpl.invoke(NativeMethodAccessorImpl.java:64)
at java.base/jdk.internal.reflect.DelegatingMethodAccessorImpl.invoke(DelegatingMethodAccessorImpl.java:43)
at java.base/java.lang.reflect.Method.invoke(Method.java:564)
at org.testng.internal.MethodInvocationHelper.invokeMethod(MethodInvocationHelper.java:134)
at org.testng.internal.TestInvoker.invokeMethod(TestInvoker.java:597)
at org.testng.internal.TestInvoker.invokeTestMethod(TestInvoker.java:173)
at org.testng.internal.MethodRunner.runInSequence(MethodRunner.java:46)
at org.testng.internal.TestInvoker$MethodInvocationAgent.invoke(TestInvoker.java:816)
at org.testng.internal.TestInvoker.invokeTestMethods(TestInvoker.java:146)
at org.testng.internal.TestMethodWorker.invokeTestMethods(TestMethodWorker.java:146)
at org.testng.internal.TestMethodWorker.run(TestMethodWorker.java:128)
at java.base/java.util.ArrayList.forEach(ArrayList.java:1511)
at org.testng.TestRunner.privateRun(TestRunner.java:766)
at org.testng.TestRunner.run(TestRunner.java:587)
at org.testng.SuiteRunner.runTest(SuiteRunner.java:384)
at org.testng.SuiteRunner.runSequentially(SuiteRunner.java:378)
at org.testng.SuiteRunner.privateRun(SuiteRunner.java:337)
at org.testng.SuiteRunner.run(SuiteRunner.java:286)
at org.testng.SuiteRunnerWorker.runSuite(SuiteRunnerWorker.java:53)
at org.testng.SuiteRunnerWorker.run(SuiteRunnerWorker.java:96)
at org.testng.TestNG.runSuitesSequentially(TestNG.java:1187)
at org.testng.TestNG.runSuitesLocally(TestNG.java:1109)
at org.testng.TestNG.runSuites(TestNG.java:1039)
at org.testng.TestNG.run(TestNG.java:1007)
at org.testng.remote.AbstractRemoteTestNG.run(AbstractRemoteTestNG.java:115)
at org.testng.remote.RemoteTestNG.initAndRun(RemoteTestNG.java:251)
at org.testng.remote.RemoteTestNG.main(RemoteTestNG.java:77)
]]>
    </failure>
  </testcase> <!-- TC_36647_VerifyPageIsReadableAndFunctionalPageZoomTo200Percent -->
  <system-out>
hrPortalUserNameElement is found successfully Entered the Amazon9092 in the hrPortalUserName textbox successfully hrPortalPasswordElement is found successfully Entered the Amazon@123 in the hrPortalPassword textbox successfully hrPortalEnterSiteElement is found successfully hrPortalEnterSiteElement is found successfully Clicked on hrPortalEnterSite element successfully Amazon Login is done successfully myresourcesElement is found successfully My Resources header is displayed myresourcesElement is found successfully My Resources is selected by default uploadDocumentElement is found successfully Upload Document is not selected by default amazonAndEmployeeServicesLogoElement is found successfully amazonAndEmployeeServicesLogoElement is found successfully amazonAndEmployeeServicesLogoElement is found successfully Css value width matched amazonAndEmployeeServicesLogo projectName/EmpIdLabelElement is found successfully Expected Text matched with the Actual Text projectNameInputBoxElement is found successfully Expected Text matched with the Actual Text projectNameInputBoxElement is found successfully [[ChromeDriver: chrome on WINDOWS (9326b0ca482b86ff8e16914459131a21)] -> xpath: //input[@name='projectName']]is a text box projectName/EmpIdLabelElement is found successfully Expected font matched with the Actual font projectName/EmpIdLabelElement is found successfully Text value found for the :projectName/EmpIdLabel Actual text is matched with the exptected text projectName/EmpIdLabelElement is found successfully Expected font matched with the Actual font projectNameInputBoxElement is found successfully candidateNameElement is found successfully  </system-out>
  <testcase classname="com.lhh.test.hrportal.MyResourceUITest" name="TC_36651_VerifyLabelCuesAndInstructionsForIterativeElements" time="31.251"/>
  <system-out>
hrPortalUserNameElement is found successfully Entered the Amazon9092 in the hrPortalUserName textbox successfully hrPortalPasswordElement is found successfully Entered the Amazon@123 in the hrPortalPassword textbox successfully hrPortalEnterSiteElement is found successfully hrPortalEnterSiteElement is found successfully Clicked on hrPortalEnterSite element successfully Amazon Login is done successfully myresourcesElement is found successfully My Resources header is displayed myresourcesElement is found successfully My Resources is selected by default uploadDocumentElement is found successfully Upload Document is not selected by default projectName/EmpIdLabelElement is found successfully Expected Text matched with the Actual Text projectNameInputBoxElement is found successfully Expected Text matched with the Actual Text projectNameInputBoxElement is found successfully [[ChromeDriver: chrome on WINDOWS (b1a054b7f701d6d00ca3128048c6c0a4)] -> xpath: //input[@name='projectName']]is a text box projectName/EmpIdLabelElement is found successfully Expected font matched with the Actual font projectName/EmpIdLabelElement is found successfully Text value found for the :projectName/EmpIdLabel Actual text is matched with the exptected text projectName/EmpIdLabelElement is found successfully Expected font matched with the Actual font projectNameInputBoxElement is found successfully candidateNameElement is found successfully Project Name/Id is matching candidateLabelElement is found successfully Expected Text matched with the Actual Text candidateNameElement is found successfully Expected Text matched with the Actual Text candidateNameElement is found successfully [[ChromeDriver: chrome on WINDOWS (b1a054b7f701d6d00ca3128048c6c0a4)] -> xpath: //input[@name='candidateName']]is a text box candidateLabelElement is found successfully Expected font matched with the Actual font candidateLabelElement is found successfully Text value found for the :candidateLabel Actual text is matched with the exptected text candidateLabelElement is found successfully Expected font matched with the Actual font candidateNameElement is found successfully documentInputBoxElement is found successfully documentNameLabelElement is found successfully Expected Text matched with the Actual Text documentInputBoxElement is found successfully Expected Text matched with the Actual Text documentInputBoxElement is found successfully [[ChromeDriver: chrome on WINDOWS (b1a054b7f701d6d00ca3128048c6c0a4)] -> xpath: //input[@name='documentName']]is a text box documentNameLabelElement is found successfully Expected font matched with the Actual font documentNameLabelElement is found successfully Text value found for the :documentNameLabel Actual text is matched with the exptected text documentNameLabelElement is found successfully Expected font matched with the Actual font projectNameInputBoxElement is found successfully documentInputBoxElement is found successfully  </system-out>
</testsuite> <!-- com.lhh.test.hrportal.MyResourceUITest -->
