<?xml version="1.0" encoding="UTF-8"?>
<!-- Generated by org.testng.reporters.JUnitReportReporter -->
<testsuite hostname="LAP-TZD-1x76965" failures="0" tests="1" name="com.lhh.test.redeploymentPhase2.RedeploymentRetainSearchTests" time="489.490" errors="0" timestamp="2021-09-09T13:58:57 IST" skipped="0">
  <testcase classname="com.lhh.test.redeploymentPhase2.RedeploymentRetainSearchTests" name="TC_49939_VerifySearchParametersByEnteringAllFieldsInMoreOptionsRetainedAfterBrowserBack" time="489.490"/>
  <system-out>
CookieBannerCloseBtnElement is found successfully Clicked on CookieBannerCloseBtn element successfully Cookie Banner closed successfully usernameCRNElement is found successfully Entered the cmtoct in the usernameCRN textbox successfully passwordCRNElement is found successfully Entered the P@ssword123 in the passwordCRN textbox successfully letsdothisCRNElement is found successfully letsdothisCRNElement is found successfully Clicked on letsdothisCRN element successfully CRN Login is done successfully redeploymentJobsMenuElement is found successfully redeploymentJobSearchTitleElement is found successfully redeploymentJobSearchTitleElement is found successfully Clicked on redeploymentJobSearchTitle element successfully redeploymentJobSearchTabElement is found successfully Expected Text matched with the Actual Text redeploymentJobSearchTitleElement is found successfully redeploymentJobSearchTitleElement is found successfully Clicked on redeploymentJobSearchTitle element successfully redeploymentJobTitleTextBoxElement is found successfully Entered the LHH Sourced Yearly in the redeploymentJobTitleTextBox textbox successfully Jobs are searched successfully redeploymentJobSkillsTextBoxElement is found successfully redeploymentJobSkillsTextBoxElement is found successfully redeploymentJobSkillsTextBoxElement is found successfully Entered the LHH Sourced Yearly in the redeploymentJobSkillsTextBox textbox successfully Jobs are searched successfully jobTitlesElement is found successfully redeploymentDefaultCountryElement is found successfully redeploymentSearchCriteriaCountryElement is found successfully redeploymentSearchCriteriaCountryElement is found successfully Entered the United States in the redeploymentSearchCriteriaCountry textbox successfully redeploymentJobLocationTextBoxElement is found successfully redeploymentJobLocationTextBoxElement is found successfully Entered the Cross Junction in the redeploymentJobLocationTextBox textbox successfully Able to See City Name redeploymentJobMoreOptionsButtonElement is found successfully redeploymentJobMoreOptionsButtonElement is found successfully jobSourceDropDownElement is found successfully jobSourceDropDownElement is found successfully jobSourceDropDownElement is found successfully Text value found for the :jobSourceDropDown Actual text is matched with the exptected text jobSourceDropDownElement is found successfully companyTextBoxInCTCandidateElement is found successfully Entered the General Assembly in the companyTextBoxInCTCandidate textbox successfully redeploymentJobSalaryTextBoxElement is found successfully Entered the 120000 in the redeploymentJobSalaryTextBox textbox successfully radiusFieldElement is found successfully Able to select Radius Options postedAnyTimeDropDownElement is found successfully Able to select Posted Any Time Options redeploymentJobLocationTextBoxElement is found successfully redeploymentJobSearchElement is found successfully redeploymentJobSearchElement is found successfully redeploymentResultElement is found successfully redeploymentResultElement is found successfully redeploymentResultElement is found successfully Text value found for the :redeploymentResult redeploymentResultElement is found successfully redeploymentResultElement is found successfully redeploymentResultElement is found successfully Text value found for the :redeploymentResult Search Result last month date is displayed redeploymentResultElement is found successfully redeploymentJobTitleInCardElement is found successfully Clicked on redeploymentJobTitleInCard element successfully redeploymentJobSearchTitleElement is found successfully redeploymentJobTitleTextBoxElement is found successfully Expected Text matched with the Actual Text Jobs Title is retained successfully redeploymentJobSkillsTextBoxElement is found successfully redeploymentJobSkillsTextBoxElement is found successfully Expected Text matched with the Actual Text Skill Value is retained successfully countryDropDownElement is found successfully Text value found for the :countryDropDown Actual text is matched with the exptected text Country is retained successfully redeploymentJobLocationTextBoxElement is found successfully Expected Text matched with the Actual Text City is retained successfully radiusFieldElement is found successfully Expected text matched with the Actual Text Radius Value is retained after navigation companyTextBoxInCTCandidateElement is found successfully Expected Text matched with the Actual Text postedAnyTimeDropDownElement is found successfully Text value found for the :postedAnyTimeDropDown Actual text is matched with the exptected text Posted AnyTime is retained successfully redeploymentJobSalaryTextBoxElement is found successfully Expected Text matched with the Actual Text redeploymentResultElement is found successfully redeploymentResultElement is found successfully redeploymentResultElement is found successfully Text value found for the :redeploymentResult Both count are equal profileIconCTCandidateElement is found successfully logoutCTCandidateElement is found successfully usernameCRNElement is found successfully Entered the testcm18 in the usernameCRN textbox successfully passwordCRNElement is found successfully Entered the P@ssword123 in the passwordCRN textbox successfully letsdothisCRNElement is found successfully letsdothisCRNElement is found successfully Clicked on letsdothisCRN element successfully CRN Login is done successfully redeploymentJobsMenuElement is found successfully redeploymentJobSearchTitleElement is found successfully redeploymentJobSearchTitleElement is found successfully Clicked on redeploymentJobSearchTitle element successfully redeploymentJobSearchTabElement is found successfully Expected Text matched with the Actual Text redeploymentJobSearchTitleElement is found successfully redeploymentJobSearchTitleElement is found successfully Clicked on redeploymentJobSearchTitle element successfully redeploymentJobTitleTextBoxElement is found successfully Entered the LHH Sourced Yearly in the redeploymentJobTitleTextBox textbox successfully Jobs are searched successfully redeploymentJobSkillsTextBoxElement is found successfully redeploymentJobSkillsTextBoxElement is found successfully redeploymentJobSkillsTextBoxElement is found successfully Entered the LHH Sourced Yearly in the redeploymentJobSkillsTextBox textbox successfully Jobs are searched successfully jobTitlesElement is found successfully redeploymentDefaultCountryElement is found successfully redeploymentSearchCriteriaCountryElement is found successfully redeploymentSearchCriteriaCountryElement is found successfully Entered the United States in the redeploymentSearchCriteriaCountry textbox successfully redeploymentJobLocationTextBoxElement is found successfully redeploymentJobLocationTextBoxElement is found successfully Entered the Cross Junction in the redeploymentJobLocationTextBox textbox successfully Able to See City Name redeploymentJobMoreOptionsButtonElement is found successfully redeploymentJobMoreOptionsButtonElement is found successfully jobSourceDropDownElement is found successfully jobSourceDropDownElement is found successfully jobSourceDropDownElement is found successfully Text value found for the :jobSourceDropDown Actual text is matched with the exptected text jobSourceDropDownElement is found successfully Able to select desired job source companyTextBoxInCTCandidateElement is found successfully Entered the General Assembly in the companyTextBoxInCTCandidate textbox successfully redeploymentJobSalaryTextBoxElement is found successfully Entered the 120000 in the redeploymentJobSalaryTextBox textbox successfully radiusFieldElement is found successfully Able to select Radius Options postedAnyTimeDropDownElement is found successfully Able to select Posted Any Time Options redeploymentJobSearchElement is found successfully redeploymentJobSearchElement is found successfully redeploymentResultElement is found successfully redeploymentResultElement is found successfully redeploymentResultElement is found successfully Text value found for the :redeploymentResult redeploymentResultElement is found successfully redeploymentResultElement is found successfully redeploymentResultElement is found successfully Text value found for the :redeploymentResult Search Result last month date is displayed redeploymentResultElement is found successfully redeploymentJobTitleInCardElement is found successfully Clicked on redeploymentJobTitleInCard element successfully redeploymentJobSearchTitleElement is found successfully redeploymentJobTitleTextBoxElement is found successfully Expected Text matched with the Actual Text Jobs Title is retained successfully redeploymentJobSkillsTextBoxElement is found successfully redeploymentJobSkillsTextBoxElement is found successfully Expected Text matched with the Actual Text Skill Value is retained successfully countryDropDownElement is found successfully Text value found for the :countryDropDown Actual text is matched with the exptected text Country is retained successfully redeploymentJobLocationTextBoxElement is found successfully Expected Text matched with the Actual Text City is retained successfully radiusFieldElement is found successfully Expected text matched with the Actual Text Radius Value is retained after navigation companyTextBoxInCTCandidateElement is found successfully Expected Text matched with the Actual Text redeploymentJobSalaryTextBoxElement is found successfully Expected Text matched with the Actual Text postedAnyTimeDropDownElement is found successfully Text value found for the :postedAnyTimeDropDown Actual text is matched with the exptected text Posted AnyTime is retained successfully redeploymentResultElement is found successfully redeploymentResultElement is found successfully redeploymentResultElement is found successfully Text value found for the :redeploymentResult Both count are equal  </system-out>
</testsuite> <!-- com.lhh.test.redeploymentPhase2.RedeploymentRetainSearchTests -->
