<?xml version="1.0" encoding="UTF-8"?>
<!-- Generated by org.testng.reporters.JUnitReportReporter -->
<testsuite hostname="LAP-TZD-1x76965" failures="0" tests="5" name="com.lhh.test.redeploymentPhase2.RedeploymentJobSearchPhase2ExternalJobIndeedTest" time="1019.998" errors="0" timestamp="2021-09-09T14:26:13 IST" skipped="0">
  <testcase classname="com.lhh.test.redeploymentPhase2.RedeploymentJobSearchPhase2ExternalJobIndeedTest" name="TC_67048_VerifyNoJobsFoundMatchingYourSearchCountrySelectedOtherThanIndeedAndTextKernal" time="119.685"/>
  <system-out>
CookieBannerCloseBtnElement is found successfully Clicked on CookieBannerCloseBtn element successfully Cookie Banner closed successfully usernameCRNElement is found successfully Entered the cmtoct in the usernameCRN textbox successfully passwordCRNElement is found successfully Entered the P@ssword123 in the passwordCRN textbox successfully letsdothisCRNElement is found successfully letsdothisCRNElement is found successfully Clicked on letsdothisCRN element successfully CRN Login is done successfully redeploymentJobsMenuElement is found successfully redeploymentJobSearchTitleElement is found successfully Clicked on redeploymentJobSearchTitle element successfully redeploymentJobSearchTabElement is found successfully Expected Text matched with the Actual Text redeploymentJobSearchTitleElement is found successfully jobTitlesElement is found successfully redeploymentDefaultCountryElement is found successfully redeploymentSearchCriteriaCountryElement is found successfully redeploymentSearchCriteriaCountryElement is found successfully Entered the Afghanistan in the redeploymentSearchCriteriaCountry textbox successfully redeploymentCountryDropDownElement is found successfully Text value found for the :redeploymentCountryDropDown Other Country is selected other than Text kernal and Indeed Country redeploymentJobSearchElement is found successfully redeploymentJobSearchElement is found successfully noJobsFoundSearchElement is found successfully No jobs found matching your search is not displayed profileIconCTCandidateElement is found successfully logoutCTCandidateElement is found successfully usernameCRNElement is found successfully Entered the testcm18 in the usernameCRN textbox successfully passwordCRNElement is found successfully Entered the P@ssword123 in the passwordCRN textbox successfully letsdothisCRNElement is found successfully letsdothisCRNElement is found successfully Clicked on letsdothisCRN element successfully CRN Login is done successfully redeploymentJobsMenuElement is found successfully redeploymentJobSearchTitleElement is found successfully Clicked on redeploymentJobSearchTitle element successfully redeploymentJobSearchTabElement is found successfully Expected Text matched with the Actual Text redeploymentJobSearchTitleElement is found successfully jobSourceDropDownElement is found successfully Able to select desired job source jobTitlesElement is found successfully redeploymentDefaultCountryElement is found successfully redeploymentSearchCriteriaCountryElement is found successfully redeploymentSearchCriteriaCountryElement is found successfully Entered the Afghanistan in the redeploymentSearchCriteriaCountry textbox successfully redeploymentCountryDropDownElement is found successfully Text value found for the :redeploymentCountryDropDown Other Country is selected other than Text kernal and Indeed Country redeploymentJobSearchElement is found successfully redeploymentJobSearchElement is found successfully noJobsFoundSearchElement is found successfully No jobs found matching your search is not displayed  </system-out>
  <testcase classname="com.lhh.test.redeploymentPhase2.RedeploymentJobSearchPhase2ExternalJobIndeedTest" name="TC_67051_VerifyNoMatchesFoundDisplayedInCountryDropDownForICEOAndItalyDBM" time="96.031"/>
  <system-out>
CookieBannerCloseBtnElement is found successfully Clicked on CookieBannerCloseBtn element successfully Cookie Banner closed successfully usernameCRNElement is found successfully Entered the cmtoct in the usernameCRN textbox successfully passwordCRNElement is found successfully Entered the P@ssword123 in the passwordCRN textbox successfully letsdothisCRNElement is found successfully letsdothisCRNElement is found successfully Clicked on letsdothisCRN element successfully CRN Login is done successfully redeploymentJobsMenuElement is found successfully redeploymentJobSearchTitleElement is found successfully Clicked on redeploymentJobSearchTitle element successfully redeploymentJobSearchTabElement is found successfully Expected Text matched with the Actual Text redeploymentJobSearchTitleElement is found successfully jobTitlesElement is found successfully redeploymentDefaultCountryElement is found successfully redeploymentSearchCriteriaCountryElement is found successfully redeploymentSearchCriteriaCountryElement is found successfully Entered the Italy DBM in the redeploymentSearchCriteriaCountry textbox successfully redeploymentSearchCriteriaCountryElement is found successfully noMatchesFoundInCountryElement is found successfully Text value found for the :noMatchesFoundInCountry Actual text is matched with the exptected text ICEO or Italy DBM is not available on country list profileIconCTCandidateElement is found successfully logoutCTCandidateElement is found successfully usernameCRNElement is found successfully Entered the testcm18 in the usernameCRN textbox successfully passwordCRNElement is found successfully Entered the P@ssword123 in the passwordCRN textbox successfully letsdothisCRNElement is found successfully letsdothisCRNElement is found successfully Clicked on letsdothisCRN element successfully CRN Login is done successfully redeploymentJobsMenuElement is found successfully redeploymentJobSearchTitleElement is found successfully Clicked on redeploymentJobSearchTitle element successfully redeploymentJobSearchTabElement is found successfully Expected Text matched with the Actual Text redeploymentJobSearchTitleElement is found successfully jobSourceDropDownElement is found successfully Able to select desired job source jobTitlesElement is found successfully redeploymentDefaultCountryElement is found successfully redeploymentSearchCriteriaCountryElement is found successfully redeploymentSearchCriteriaCountryElement is found successfully Entered the Italy DBM in the redeploymentSearchCriteriaCountry textbox successfully redeploymentSearchCriteriaCountryElement is found successfully noMatchesFoundInCountryElement is found successfully Text value found for the :noMatchesFoundInCountry Actual text is matched with the exptected text ICEO or Italy DBM is not available on country list  </system-out>
  <testcase classname="com.lhh.test.redeploymentPhase2.RedeploymentJobSearchPhase2ExternalJobIndeedTest" name="TC_67047_VerifyUserIsAbleToSeeIndeedSourcedJobsForIndeedCountries" time="270.137"/>
  <system-out>
CookieBannerCloseBtnElement is found successfully Clicked on CookieBannerCloseBtn element successfully Cookie Banner closed successfully usernameCRNElement is found successfully Entered the cmtoct in the usernameCRN textbox successfully passwordCRNElement is found successfully Entered the P@ssword123 in the passwordCRN textbox successfully letsdothisCRNElement is found successfully letsdothisCRNElement is found successfully Clicked on letsdothisCRN element successfully CRN Login is done successfully redeploymentJobsMenuElement is found successfully redeploymentJobSearchTitleElement is found successfully Clicked on redeploymentJobSearchTitle element successfully redeploymentJobSearchTabElement is found successfully Expected Text matched with the Actual Text redeploymentJobSearchTitleElement is found successfully jobTitlesElement is found successfully redeploymentDefaultCountryElement is found successfully redeploymentSearchCriteriaCountryElement is found successfully redeploymentSearchCriteriaCountryElement is found successfully Entered the South Korea in the redeploymentSearchCriteriaCountry textbox successfully redeploymentCountryDropDownElement is found successfully Text value found for the :redeploymentCountryDropDown IndeedCountry is selected redeploymentJobSearchElement is found successfully redeploymentJobSearchElement is found successfully redeploymentResultElement is found successfully redeploymentResultElement is found successfully redeploymentResultElement is found successfully Text value found for the :redeploymentResult redeploymentResultElement is found successfully redeploymentResultElement is found successfully redeploymentResultElement is found successfully Text value found for the :redeploymentResult 18 Job card are displayed in a page redeploymentResultElement is found successfully redeploymentResultElement is found successfully redeploymentResultElement is found successfully Text value found for the :redeploymentResult Job Card is displayed Sorting options is not available for Indeed country redeploymentResultElement is found successfully redeploymentResultElement is found successfully redeploymentResultElement is found successfully Text value found for the :redeploymentResult Salary Range and Percentage Bar is not displayed as expected redeploymentResultElement is found successfully redeploymentResultElement is found successfully redeploymentResultElement is found successfully Text value found for the :redeploymentResult Job Card Details is displayed profileIconCTCandidateElement is found successfully logoutCTCandidateElement is found successfully usernameCRNElement is found successfully Entered the testcm18 in the usernameCRN textbox successfully passwordCRNElement is found successfully Entered the P@ssword123 in the passwordCRN textbox successfully letsdothisCRNElement is found successfully letsdothisCRNElement is found successfully Clicked on letsdothisCRN element successfully CRN Login is done successfully redeploymentJobsMenuElement is found successfully redeploymentJobSearchTitleElement is found successfully Clicked on redeploymentJobSearchTitle element successfully redeploymentJobSearchTabElement is found successfully Expected Text matched with the Actual Text redeploymentJobSearchTitleElement is found successfully jobSourceDropDownElement is found successfully Able to select desired job source jobTitlesElement is found successfully redeploymentDefaultCountryElement is found successfully redeploymentSearchCriteriaCountryElement is found successfully redeploymentSearchCriteriaCountryElement is found successfully Entered the South Korea in the redeploymentSearchCriteriaCountry textbox successfully redeploymentCountryDropDownElement is found successfully Text value found for the :redeploymentCountryDropDown IndeedCountry is selected redeploymentJobSearchElement is found successfully redeploymentJobSearchElement is found successfully redeploymentResultElement is found successfully redeploymentResultElement is found successfully redeploymentResultElement is found successfully Text value found for the :redeploymentResult redeploymentResultElement is found successfully redeploymentResultElement is found successfully redeploymentResultElement is found successfully Text value found for the :redeploymentResult 18 Job card are displayed in a page redeploymentResultElement is found successfully redeploymentResultElement is found successfully redeploymentResultElement is found successfully Text value found for the :redeploymentResult Job Card is displayed Sorting options is not available for Indeed country redeploymentResultElement is found successfully redeploymentResultElement is found successfully redeploymentResultElement is found successfully Text value found for the :redeploymentResult Salary Range and Percentage Bar is not displayed as expected redeploymentResultElement is found successfully redeploymentResultElement is found successfully redeploymentResultElement is found successfully Text value found for the :redeploymentResult Job Card Details is displayed  </system-out>
  <testcase classname="com.lhh.test.redeploymentPhase2.RedeploymentJobSearchPhase2ExternalJobIndeedTest" name="TC_67058_VerifyJobDetailsPageForIndeedCountries" time="304.868"/>
  <system-out>
CookieBannerCloseBtnElement is found successfully Clicked on CookieBannerCloseBtn element successfully Cookie Banner closed successfully usernameCRNElement is found successfully Entered the cmtoct in the usernameCRN textbox successfully passwordCRNElement is found successfully Entered the P@ssword123 in the passwordCRN textbox successfully letsdothisCRNElement is found successfully letsdothisCRNElement is found successfully Clicked on letsdothisCRN element successfully CRN Login is done successfully redeploymentJobsMenuElement is found successfully redeploymentJobSearchTitleElement is found successfully Clicked on redeploymentJobSearchTitle element successfully redeploymentJobSearchTabElement is found successfully Expected Text matched with the Actual Text redeploymentJobSearchTitleElement is found successfully jobTitlesElement is found successfully redeploymentDefaultCountryElement is found successfully redeploymentSearchCriteriaCountryElement is found successfully redeploymentSearchCriteriaCountryElement is found successfully Entered the South Korea in the redeploymentSearchCriteriaCountry textbox successfully redeploymentCountryDropDownElement is found successfully Text value found for the :redeploymentCountryDropDown IndeedCountry is selected redeploymentJobSearchElement is found successfully redeploymentJobSearchElement is found successfully redeploymentResultElement is found successfully redeploymentResultElement is found successfully redeploymentResultElement is found successfully Text value found for the :redeploymentResult redeploymentResultElement is found successfully redeploymentResultElement is found successfully redeploymentResultElement is found successfully Text value found for the :redeploymentResult 18 Job card are displayed in a page redeploymentResultElement is found successfully redeploymentResultElement is found successfully redeploymentResultElement is found successfully Text value found for the :redeploymentResult Job Card is displayed Sorting options is not available for Indeed country redeploymentResultElement is found successfully redeploymentResultElement is found successfully redeploymentResultElement is found successfully Text value found for the :redeploymentResult Salary Range and Percentage Bar is not displayed as expected redeploymentResultElement is found successfully redeploymentResultElement is found successfully redeploymentResultElement is found successfully Text value found for the :redeploymentResult Job Card Details is displayed redeploymentJobTitleInCardElement is found successfully https://uat.candidate.lhh.com/#/crnjobs/details?searcherName=indeedjob_kr&countryName=South%20Korea is having the text jobs/details Job details page is opened successfully jobDetailsCompanyNameElement is found successfully jobDetailsJobTitleElement is found successfully jobDetailsJobDescriptionElement is found successfully jobDetailDateElement is found successfully Company Name,Job Title,Job Description and Job Detail are displayed profileIconCTCandidateElement is found successfully logoutCTCandidateElement is found successfully usernameCRNElement is found successfully Entered the testcm18 in the usernameCRN textbox successfully passwordCRNElement is found successfully Entered the P@ssword123 in the passwordCRN textbox successfully letsdothisCRNElement is found successfully letsdothisCRNElement is found successfully Clicked on letsdothisCRN element successfully CRN Login is done successfully redeploymentJobsMenuElement is found successfully redeploymentJobSearchTitleElement is found successfully Clicked on redeploymentJobSearchTitle element successfully redeploymentJobSearchTabElement is found successfully Expected Text matched with the Actual Text redeploymentJobSearchTitleElement is found successfully jobSourceDropDownElement is found successfully Able to select desired job source jobTitlesElement is found successfully redeploymentDefaultCountryElement is found successfully redeploymentSearchCriteriaCountryElement is found successfully redeploymentSearchCriteriaCountryElement is found successfully Entered the South Korea in the redeploymentSearchCriteriaCountry textbox successfully redeploymentCountryDropDownElement is found successfully Text value found for the :redeploymentCountryDropDown IndeedCountry is selected redeploymentJobSearchElement is found successfully redeploymentJobSearchElement is found successfully redeploymentResultElement is found successfully redeploymentResultElement is found successfully redeploymentResultElement is found successfully Text value found for the :redeploymentResult redeploymentResultElement is found successfully redeploymentResultElement is found successfully redeploymentResultElement is found successfully Text value found for the :redeploymentResult 18 Job card are displayed in a page redeploymentResultElement is found successfully redeploymentResultElement is found successfully redeploymentResultElement is found successfully Text value found for the :redeploymentResult Job Card is displayed Sorting options is not available for Indeed country redeploymentResultElement is found successfully redeploymentResultElement is found successfully redeploymentResultElement is found successfully Text value found for the :redeploymentResult Salary Range and Percentage Bar is not displayed as expected redeploymentResultElement is found successfully redeploymentResultElement is found successfully redeploymentResultElement is found successfully Text value found for the :redeploymentResult Job Card Details is displayed redeploymentJobTitleInCardElement is found successfully https://uat.candidate.lhh.com/#/jobs/details?searcherName=indeedjob_kr&countryName=South%20Korea is having the text jobs/details Job details page is opened successfully jobDetailsCompanyNameElement is found successfully jobDetailsJobTitleElement is found successfully jobDetailsJobDescriptionElement is found successfully jobDetailDateElement is found successfully Company Name,Job Title,Job Description and Job Detail are displayed  </system-out>
  <testcase classname="com.lhh.test.redeploymentPhase2.RedeploymentJobSearchPhase2ExternalJobIndeedTest" name="TC_67046_VerifyUserIsAbleToSeeTextKernalSourcedJobs" time="229.277"/>
  <system-out>
CookieBannerCloseBtnElement is found successfully Clicked on CookieBannerCloseBtn element successfully Cookie Banner closed successfully usernameCRNElement is found successfully Entered the cmtoct in the usernameCRN textbox successfully passwordCRNElement is found successfully Entered the P@ssword123 in the passwordCRN textbox successfully letsdothisCRNElement is found successfully letsdothisCRNElement is found successfully Clicked on letsdothisCRN element successfully CRN Login is done successfully redeploymentJobsMenuElement is found successfully redeploymentJobSearchTitleElement is found successfully Clicked on redeploymentJobSearchTitle element successfully redeploymentJobSearchTabElement is found successfully Expected Text matched with the Actual Text redeploymentJobSearchTitleElement is found successfully jobTitlesElement is found successfully redeploymentDefaultCountryElement is found successfully redeploymentSearchCriteriaCountryElement is found successfully redeploymentSearchCriteriaCountryElement is found successfully Entered the Italy in the redeploymentSearchCriteriaCountry textbox successfully redeploymentCountryDropDownElement is found successfully Text value found for the :redeploymentCountryDropDown TextKernaCountry is selected redeploymentJobSearchElement is found successfully redeploymentJobSearchElement is found successfully redeploymentResultElement is found successfully redeploymentResultElement is found successfully redeploymentResultElement is found successfully Text value found for the :redeploymentResult 18 Job card are displayed in a page redeploymentResultElement is found successfully redeploymentResultElement is found successfully redeploymentResultElement is found successfully Text value found for the :redeploymentResult Job Card is displayed sortingOptionsElement is found successfully Sorting options is not available for text kernal country redeploymentResultElement is found successfully redeploymentResultElement is found successfully redeploymentResultElement is found successfully Text value found for the :redeploymentResult Salary Range and Percentage Bar is displayed redeploymentResultElement is found successfully redeploymentResultElement is found successfully redeploymentResultElement is found successfully Text value found for the :redeploymentResult Job Card Details is displayed profileIconCTCandidateElement is found successfully logoutCTCandidateElement is found successfully usernameCRNElement is found successfully Entered the testcm18 in the usernameCRN textbox successfully passwordCRNElement is found successfully Entered the P@ssword123 in the passwordCRN textbox successfully letsdothisCRNElement is found successfully letsdothisCRNElement is found successfully Clicked on letsdothisCRN element successfully CRN Login is done successfully redeploymentJobsMenuElement is found successfully redeploymentJobSearchTitleElement is found successfully Clicked on redeploymentJobSearchTitle element successfully redeploymentJobSearchTabElement is found successfully Expected Text matched with the Actual Text redeploymentJobSearchTitleElement is found successfully jobSourceDropDownElement is found successfully Able to select desired job source jobTitlesElement is found successfully redeploymentDefaultCountryElement is found successfully redeploymentSearchCriteriaCountryElement is found successfully redeploymentSearchCriteriaCountryElement is found successfully Entered the Italy in the redeploymentSearchCriteriaCountry textbox successfully redeploymentCountryDropDownElement is found successfully Text value found for the :redeploymentCountryDropDown TextKernaCountry is selected redeploymentJobSearchElement is found successfully redeploymentJobSearchElement is found successfully redeploymentResultElement is found successfully redeploymentResultElement is found successfully redeploymentResultElement is found successfully Text value found for the :redeploymentResult 18 Job card are displayed in a page redeploymentResultElement is found successfully redeploymentResultElement is found successfully redeploymentResultElement is found successfully Text value found for the :redeploymentResult Job Card is displayed sortingOptionsElement is found successfully Sorting options is not available for text kernal country redeploymentResultElement is found successfully redeploymentResultElement is found successfully redeploymentResultElement is found successfully Text value found for the :redeploymentResult Salary Range and Percentage Bar is displayed redeploymentResultElement is found successfully redeploymentResultElement is found successfully redeploymentResultElement is found successfully Text value found for the :redeploymentResult Job Card Details is displayed  </system-out>
</testsuite> <!-- com.lhh.test.redeploymentPhase2.RedeploymentJobSearchPhase2ExternalJobIndeedTest -->
