<?xml version="1.0" encoding="UTF-8"?>
<!-- Generated by org.testng.reporters.JUnitReportReporter -->
<testsuite hostname="LAP-TZD-1x76965" failures="0" tests="1" name="com.lhh.test.redeploymentPhase2.RedeploymentJobSearchPhase2UITests" time="163.089" errors="0" timestamp="2021-09-09T18:59:46 IST" skipped="0">
  <testcase classname="com.lhh.test.redeploymentPhase2.RedeploymentJobSearchPhase2UITests" name="TC_63890_VerifyLocationFilterIsAvailableInBasicSearch" time="163.089"/>
  <system-out>
CookieBannerCloseBtnElement is found successfully Clicked on CookieBannerCloseBtn element successfully Cookie Banner closed successfully usernameCRNElement is found successfully Entered the cmtoct in the usernameCRN textbox successfully passwordCRNElement is found successfully Entered the P@ssword123 in the passwordCRN textbox successfully letsdothisCRNElement is found successfully letsdothisCRNElement is found successfully Clicked on letsdothisCRN element successfully CRN Login is done successfully redeploymentJobsMenuElement is found successfully redeploymentJobSearchTitleElement is found successfully redeploymentJobSearchTitleElement is found successfully Clicked on redeploymentJobSearchTitle element successfully redeploymentJobSearchTabElement is found successfully Expected Text matched with the Actual Text jobTitleInJobSearchElement is found successfully jobTitleInJobSearchElement is found successfully [[ChromeDriver: chrome on WINDOWS (611d95719fea4bd16a2d208b5aeeab7d)] -> xpath: //div[@class='container']/div[@class='keyword-box']/input[@id='jobTitle']]is a text box jobSkillsInJobSearchElement is found successfully jobSkillsInJobSearchElement is found successfully [[ChromeDriver: chrome on WINDOWS (611d95719fea4bd16a2d208b5aeeab7d)] -> xpath: //div[@class='container']/div[@class='keyword-box']/input[@id='jobSkills']]is a text box jobSourceDropDownElement is found successfully jobSourceDropDownElement is found successfully [[ChromeDriver: chrome on WINDOWS (611d95719fea4bd16a2d208b5aeeab7d)] -> xpath: //div[@class='container']//div[@id='s2id_companies']/a]is a drop down locationTypeDropDownElement is found successfully locationTypeDropDownElement is found successfully [[ChromeDriver: chrome on WINDOWS (611d95719fea4bd16a2d208b5aeeab7d)] -> xpath: //div[@class='container']//div[@id='s2id_AdvRemoteType']/a]is a drop down countryDropDownElement is found successfully countryDropDownElement is found successfully [[ChromeDriver: chrome on WINDOWS (611d95719fea4bd16a2d208b5aeeab7d)] -> xpath: //div[@class='container']//div[@id='s2id_contriesControl']/a]is a drop down cityInJobSearchElement is found successfully cityInJobSearchElement is found successfully [[ChromeDriver: chrome on WINDOWS (611d95719fea4bd16a2d208b5aeeab7d)] -> xpath: //div[@class='container']//input[@id='location']]is a text box redeploymentJobSearchTitleElement is found successfully redeploymentJobSearchTitleElement is found successfully Clicked on redeploymentJobSearchTitle element successfully redeploymentJobTitleTextBoxElement is found successfully Entered the  in the redeploymentJobTitleTextBox textbox successfully Jobs are searched successfully redeploymentJobSkillsTextBoxElement is found successfully redeploymentJobSkillsTextBoxElement is found successfully redeploymentJobSkillsTextBoxElement is found successfully Entered the  in the redeploymentJobSkillsTextBox textbox successfully Jobs are searched successfully redeploymentJobSearchButtonElement is found successfully redeploymentJobSearchButtonElement is found successfully Clicked on redeploymentJobSearchButton element successfully redeploymentJobSearchButtonElement is found successfully redeploymentJobSearchButtonElement is found successfully [[ChromeDriver: chrome on WINDOWS (611d95719fea4bd16a2d208b5aeeab7d)] -> xpath: //input[@type='button' and @value='SHOW ME JOBS!']]is a text box redeploymentJobResetButtonElement is found successfully redeploymentJobResetButtonElement is found successfully [[ChromeDriver: chrome on WINDOWS (611d95719fea4bd16a2d208b5aeeab7d)] -> xpath: //input[@type='button' and @value='RESET']]is a text box redeploymentJobMoreOptionsButtonElement is found successfully redeploymentJobMoreOptionsButtonElement is found successfully [[ChromeDriver: chrome on WINDOWS (611d95719fea4bd16a2d208b5aeeab7d)] -> xpath: //input[@type='button' and @value='MORE OPTIONS']]is a text box profileIconCTCandidateElement is found successfully logoutCTCandidateElement is found successfully usernameCRNElement is found successfully Entered the testcm18 in the usernameCRN textbox successfully passwordCRNElement is found successfully Entered the P@ssword123 in the passwordCRN textbox successfully letsdothisCRNElement is found successfully letsdothisCRNElement is found successfully Clicked on letsdothisCRN element successfully CRN Login is done successfully redeploymentJobsMenuElement is found successfully redeploymentJobSearchTitleElement is found successfully redeploymentJobSearchTitleElement is found successfully Clicked on redeploymentJobSearchTitle element successfully redeploymentJobSearchTabElement is found successfully Expected Text matched with the Actual Text jobTitleInJobSearchElement is found successfully jobTitleInJobSearchElement is found successfully [[ChromeDriver: chrome on WINDOWS (611d95719fea4bd16a2d208b5aeeab7d)] -> xpath: //div[@class='container']/div[@class='keyword-box']/input[@id='jobTitle']]is a text box jobSkillsInJobSearchElement is found successfully jobSkillsInJobSearchElement is found successfully [[ChromeDriver: chrome on WINDOWS (611d95719fea4bd16a2d208b5aeeab7d)] -> xpath: //div[@class='container']/div[@class='keyword-box']/input[@id='jobSkills']]is a text box jobSourceDropDownElement is found successfully jobSourceDropDownElement is found successfully [[ChromeDriver: chrome on WINDOWS (611d95719fea4bd16a2d208b5aeeab7d)] -> xpath: //div[@class='container']//div[@id='s2id_companies']/a]is a drop down locationTypeDropDownElement is found successfully locationTypeDropDownElement is found successfully [[ChromeDriver: chrome on WINDOWS (611d95719fea4bd16a2d208b5aeeab7d)] -> xpath: //div[@class='container']//div[@id='s2id_AdvRemoteType']/a]is a drop down countryDropDownElement is found successfully countryDropDownElement is found successfully [[ChromeDriver: chrome on WINDOWS (611d95719fea4bd16a2d208b5aeeab7d)] -> xpath: //div[@class='container']//div[@id='s2id_contriesControl']/a]is a drop down cityInJobSearchElement is found successfully cityInJobSearchElement is found successfully [[ChromeDriver: chrome on WINDOWS (611d95719fea4bd16a2d208b5aeeab7d)] -> xpath: //div[@class='container']//input[@id='location']]is a text box redeploymentJobSearchTitleElement is found successfully redeploymentJobSearchTitleElement is found successfully Clicked on redeploymentJobSearchTitle element successfully redeploymentJobTitleTextBoxElement is found successfully Entered the  in the redeploymentJobTitleTextBox textbox successfully Jobs are searched successfully redeploymentJobSkillsTextBoxElement is found successfully redeploymentJobSkillsTextBoxElement is found successfully redeploymentJobSkillsTextBoxElement is found successfully Entered the  in the redeploymentJobSkillsTextBox textbox successfully Jobs are searched successfully redeploymentJobSearchTitleElement is found successfully redeploymentJobSearchTitleElement is found successfully Clicked on redeploymentJobSearchTitle element successfully redeploymentJobTitleTextBoxElement is found successfully Entered the Java Developer in the redeploymentJobTitleTextBox textbox successfully Jobs are searched successfully redeploymentJobSkillsTextBoxElement is found successfully redeploymentJobSkillsTextBoxElement is found successfully redeploymentJobSkillsTextBoxElement is found successfully Entered the Java in the redeploymentJobSkillsTextBox textbox successfully Jobs are searched successfully redeploymentJobSearchButtonElement is found successfully redeploymentJobSearchButtonElement is found successfully [[ChromeDriver: chrome on WINDOWS (611d95719fea4bd16a2d208b5aeeab7d)] -> xpath: //input[@type='button' and @value='SHOW ME JOBS!']]is a text box redeploymentJobResetButtonElement is found successfully redeploymentJobResetButtonElement is found successfully [[ChromeDriver: chrome on WINDOWS (611d95719fea4bd16a2d208b5aeeab7d)] -> xpath: //input[@type='button' and @value='RESET']]is a text box redeploymentJobMoreOptionsButtonElement is found successfully redeploymentJobMoreOptionsButtonElement is found successfully [[ChromeDriver: chrome on WINDOWS (611d95719fea4bd16a2d208b5aeeab7d)] -> xpath: //input[@type='button' and @value='MORE OPTIONS']]is a text box  </system-out>
</testsuite> <!-- com.lhh.test.redeploymentPhase2.RedeploymentJobSearchPhase2UITests -->
