<?xml version="1.0" encoding="UTF-8"?>
<!-- Generated by org.testng.reporters.JUnitReportReporter -->
<testsuite hostname="LAP-TZD-1x76965" failures="0" tests="1" name="com.lhh.test.ofc.CandidateStatusSummaryTests" time="178.706" errors="0" timestamp="2021-08-09T12:48:25 IST" skipped="0">
  <testcase classname="com.lhh.test.ofc.CandidateStatusSummaryTests" name="TC_10220_verifyTheCandidateStatusSummaryAfterChangingTheStatusFromInactivetoActive" time="178.706"/>
  <system-out>
emailSSOElement is found successfully Entered the Ritesh.Sahu@lhh.com in the emailSSO textbox successfully passwordSSOElement is found successfully Entered the Appleqwer440@ in the passwordSSO textbox successfully signInSSOElement is found successfully Clicked on signInSSO element successfully SSO Login is done successfully queuesTabElement is found successfully Clicked on queuesTab element successfully queuesCandidatesTabElement is found successfully Clicked on queuesCandidatesTab element successfully inactiveCardElement is found successfully Clicked on inactiveCard element successfully candidateSearchBoxElement is found successfully Entered the Stephen in the candidateSearchBox textbox successfully candidateNameListElement is found successfully candidateNameOnCardElement is found successfully Clicked on candidateNameOnCard element successfully candidateSummaryTabElement is found successfully candidateSummaryTabElement is found successfully Clicked on candidateSummaryTab element successfully Summary Tab is clicked Expected Text matched with the Actual Text Expected Text matched with the Actual Text Expected Text matched with the Actual Text Status is InActive programTabElement is found successfully Clicked on programTab element successfully Program Tab is clicked changeStatusElement is found successfully Clicked on changeStatus element successfully programNextButtonElement is found successfully Clicked on programNextButton element successfully programNotesElement is found successfully Entered the Marking Inactive in the programNotes textbox successfully programNextButtonElement is found successfully Clicked on programNextButton element successfully programSaveElement is found successfully Clicked on programSave element successfully candidateSummaryTabElement is found successfully candidateSummaryTabElement is found successfully Clicked on candidateSummaryTab element successfully Summary Tab is clicked Actual text is matched with the exptected text Expected Text matched with the Actual Text Actual text is matched with the exptected text Actual text is matched with the exptected text Expected Text matched with the Actual Text Actual text is matched with the exptected text Status is Active  </system-out>
</testsuite> <!-- com.lhh.test.ofc.CandidateStatusSummaryTests -->
