<?xml version="1.0" encoding="UTF-8"?>
<!-- Generated by org.testng.reporters.JUnitReportReporter -->
<testsuite hostname="LAP-TZD-1x76965" failures="0" tests="1" name="com.lhh.test.amazondocs.AmazonSelfEnrollmentTestCase" time="28.565" errors="0" timestamp="2021-09-06T20:21:54 IST" skipped="0">
  <testcase classname="com.lhh.test.amazondocs.AmazonSelfEnrollmentTestCase" name="TC_52824_verifyTheLinksAndTextFieldsInSelfEnrollmentPage" time="28.565"/>
  <system-out>
amazonAliasTextBoxElement is found successfully amazonEmployeeIDElement is found successfully amazonemailIdElement is found successfully amazonAliasTextBoxElement is found successfully Expected Text matched with the Actual Text amazonEmployeeIDElement is found successfully Expected Text matched with the Actual Text amazonemailIdElement is found successfully Expected Text matched with the Actual Text amazonGettingStartedElement is found successfully amazonGettingStartedElement is found successfully Getting started button is present troubleshootingTextElement is found successfully troubleshootingTextElement is found successfully Text value found for the :troubleshootingText letUsKnowElement is found successfully letUsKnowElement is found successfully Text value found for the :letUsKnow Trouble getting registered?  Let us know is having the text Let us know alreadyRegisteredElement is found successfully alreadyRegisteredElement is found successfully Text value found for the :alreadyRegistered Already registered? Login here is having the text Already registered? amazonLoginHereElement is found successfully amazonLoginHereElement is found successfully Text value found for the :amazonLoginHere Login here is having the text Login here  </system-out>
</testsuite> <!-- com.lhh.test.amazondocs.AmazonSelfEnrollmentTestCase -->
