<?xml version="1.0" encoding="UTF-8"?>
<!-- Generated by org.testng.reporters.JUnitReportReporter -->
<testsuite hostname="LAP-TZD-1x76965" failures="0" tests="1" name="com.lhh.test.redeployment.RedeploymentRetainSearchTests" time="173.524" errors="0" timestamp="2021-06-10T12:15:39 IST" skipped="0">
  <testcase classname="com.lhh.test.redeployment.RedeploymentRetainSearchTests" name="TC_49926_VerifySearchParametersAndResultsRetainedAfterBrowserBackButtonNavigation" time="173.524"/>
  <system-out>
usernameCRNElement is found successfully Entered the spriya17 in the usernameCRN textbox successfully passwordCRNElement is found successfully Entered the P@ssword123 in the passwordCRN textbox successfully letsdothisCRNElement is found successfully letsdothisCRNElement is found successfully Clicked on letsdothisCRN element successfully CRN Login is done successfully redeploymentJobsMenuElement is found successfully Clicked on redeploymentJobsMenu element successfully redeploymentJobSearchTitleElement is found successfully redeploymentJobSearchTitleElement is found successfully Clicked on redeploymentJobSearchTitle element successfully redeploymentJobTitleTextBoxElement is found successfully redeploymentJobLocationTextBoxElement is found successfully redeploymentJobSearchButtonElement is found successfully redeploymentJobResetButtonElement is found successfully redeploymentJobMoreOptionsButtonElement is found successfully Job fields are validated successfully redeploymentDefaultCountryElement is found successfully redeploymentDefaultCountryElement is found successfully redeploymentDefaultCountryElement is found successfully Text value found for the :redeploymentDefaultCountry Actual text is matched with the exptected text Default Country is selected redeploymentCountryDropDownElement is found successfully Text value found for the :redeploymentCountryDropDown redeploymentJobSearchTitleElement is found successfully redeploymentJobSearchTitleElement is found successfully Clicked on redeploymentJobSearchTitle element successfully redeploymentJobTitleTextBoxElement is found successfully Entered the  in the redeploymentJobTitleTextBox textbox successfully redeploymentJobLocationTextBoxElement is found successfully Entered the  in the redeploymentJobLocationTextBox textbox successfully redeploymentJobSearchButtonElement is found successfully Jobs are searched successfully redeploymentResultElement is found successfully redeploymentResultElement is found successfully redeploymentResultElement is found successfully Text value found for the :redeploymentResult redeploymentResultElement is found successfully redeploymentResultElement is found successfully redeploymentResultElement is found successfully Text value found for the :redeploymentResult redeploymentprimaryLocationInProfileMatchElement is found successfully Text value found for the :[[ChromeDriver: chrome on WINDOWS (03d112a8d87826344d7a52a32dfafcd3)] -> xpath: //div[@class='profile-div']/div[@class='pro-date-location']/span[1]] US Lake City is having the text US Text value found for the :[[ChromeDriver: chrome on WINDOWS (03d112a8d87826344d7a52a32dfafcd3)] -> xpath: //div[@class='profile-div']/div[@class='pro-date-location']/span[1]] US Chicago is having the text US Text value found for the :[[ChromeDriver: chrome on WINDOWS (03d112a8d87826344d7a52a32dfafcd3)] -> xpath: //div[@class='profile-div']/div[@class='pro-date-location']/span[1]] US Chicago is having the text US Text value found for the :[[ChromeDriver: chrome on WINDOWS (03d112a8d87826344d7a52a32dfafcd3)] -> xpath: //div[@class='profile-div']/div[@class='pro-date-location']/span[1]] US Chicago is having the text US Text value found for the :[[ChromeDriver: chrome on WINDOWS (03d112a8d87826344d7a52a32dfafcd3)] -> xpath: //div[@class='profile-div']/div[@class='pro-date-location']/span[1]] US Chicago is having the text US Text value found for the :[[ChromeDriver: chrome on WINDOWS (03d112a8d87826344d7a52a32dfafcd3)] -> xpath: //div[@class='profile-div']/div[@class='pro-date-location']/span[1]] US Chicago is having the text US Text value found for the :[[ChromeDriver: chrome on WINDOWS (03d112a8d87826344d7a52a32dfafcd3)] -> xpath: //div[@class='profile-div']/div[@class='pro-date-location']/span[1]] US Chicago is having the text US Text value found for the :[[ChromeDriver: chrome on WINDOWS (03d112a8d87826344d7a52a32dfafcd3)] -> xpath: //div[@class='profile-div']/div[@class='pro-date-location']/span[1]] US Boston is having the text US Text value found for the :[[ChromeDriver: chrome on WINDOWS (03d112a8d87826344d7a52a32dfafcd3)] -> xpath: //div[@class='profile-div']/div[@class='pro-date-location']/span[1]] US Remote is having the text US redeploymentDefaultCountryElement is found successfully redeploymentDefaultCountryElement is found successfully redeploymentDefaultCountryElement is found successfully Text value found for the :redeploymentDefaultCountry Actual text is matched with the exptected text Default Country is selected redeploymentCountryDropDownElement is found successfully Text value found for the :redeploymentCountryDropDown redeploymentResultElement is found successfully redeploymentResultElement is found successfully redeploymentResultElement is found successfully Text value found for the :redeploymentResult Both count are equal redeploymentResultElement is found successfully redeploymentResultElement is found successfully redeploymentResultElement is found successfully Text value found for the :redeploymentResult redeploymentprimaryLocationInProfileMatchElement is found successfully Text value found for the :[[ChromeDriver: chrome on WINDOWS (03d112a8d87826344d7a52a32dfafcd3)] -> xpath: //div[@class='profile-div']/div[@class='pro-date-location']/span[1]] US Lake City is having the text US Text value found for the :[[ChromeDriver: chrome on WINDOWS (03d112a8d87826344d7a52a32dfafcd3)] -> xpath: //div[@class='profile-div']/div[@class='pro-date-location']/span[1]] US Chicago is having the text US Text value found for the :[[ChromeDriver: chrome on WINDOWS (03d112a8d87826344d7a52a32dfafcd3)] -> xpath: //div[@class='profile-div']/div[@class='pro-date-location']/span[1]] US Chicago is having the text US Text value found for the :[[ChromeDriver: chrome on WINDOWS (03d112a8d87826344d7a52a32dfafcd3)] -> xpath: //div[@class='profile-div']/div[@class='pro-date-location']/span[1]] US Chicago is having the text US Text value found for the :[[ChromeDriver: chrome on WINDOWS (03d112a8d87826344d7a52a32dfafcd3)] -> xpath: //div[@class='profile-div']/div[@class='pro-date-location']/span[1]] US Chicago is having the text US Text value found for the :[[ChromeDriver: chrome on WINDOWS (03d112a8d87826344d7a52a32dfafcd3)] -> xpath: //div[@class='profile-div']/div[@class='pro-date-location']/span[1]] US Chicago is having the text US Text value found for the :[[ChromeDriver: chrome on WINDOWS (03d112a8d87826344d7a52a32dfafcd3)] -> xpath: //div[@class='profile-div']/div[@class='pro-date-location']/span[1]] US Chicago is having the text US Text value found for the :[[ChromeDriver: chrome on WINDOWS (03d112a8d87826344d7a52a32dfafcd3)] -> xpath: //div[@class='profile-div']/div[@class='pro-date-location']/span[1]] US Boston is having the text US Text value found for the :[[ChromeDriver: chrome on WINDOWS (03d112a8d87826344d7a52a32dfafcd3)] -> xpath: //div[@class='profile-div']/div[@class='pro-date-location']/span[1]] US Remote is having the text US  </system-out>
</testsuite> <!-- com.lhh.test.redeployment.RedeploymentRetainSearchTests -->
