<?xml version="1.0" encoding="UTF-8"?>
<!-- Generated by org.testng.reporters.JUnitReportReporter -->
<testsuite hostname="LAP-TZD-1x76965" failures="0" tests="1" name="com.lhh.test.redeployment.RedeploymentJobSearchTests" time="184.408" errors="0" timestamp="2021-09-07T21:13:20 IST" skipped="0">
  <testcase classname="com.lhh.test.redeployment.RedeploymentJobSearchTests" name="TC_37082_VerifyJobSearchResultsAreBasedOnMatchingSynonym" time="184.408"/>
  <system-out>
usernameCRNElement is found successfully Entered the Jhide.Philips in the usernameCRN textbox successfully passwordCRNElement is found successfully Entered the P@ssword123 in the passwordCRN textbox successfully letsdothisCRNElement is found successfully letsdothisCRNElement is found successfully Clicked on letsdothisCRN element successfully CRN Login is done successfully redeploymentJobsMenuElement is found successfully redeploymentJobSearchTitleElement is found successfully redeploymentJobSearchTitleElement is found successfully Clicked on redeploymentJobSearchTitle element successfully redeploymentJobSearchTabElement is found successfully Expected Text matched with the Actual Text redeploymentJobSearchTitleElement is found successfully redeploymentJobSearchTitleElement is found successfully Clicked on redeploymentJobSearchTitle element successfully redeploymentJobTitleTextBoxElement is found successfully Entered the Human Resources in the redeploymentJobTitleTextBox textbox successfully redeploymentJobLocationTextBoxElement is found successfully Entered the  in the redeploymentJobLocationTextBox textbox successfully redeploymentJobSearchButtonElement is found successfully Clicked on redeploymentJobSearchButton element successfully redeploymentJobSearchButtonElement is found successfully Clicked on redeploymentJobSearchButton element successfully Jobs are searched successfully redeploymentResultElement is found successfully redeploymentResultElement is found successfully redeploymentResultElement is found successfully Text value found for the :redeploymentResult redeploymentJobSearchTitleElement is found successfully redeploymentJobSearchTitleElement is found successfully Clicked on redeploymentJobSearchTitle element successfully redeploymentJobTitleTextBoxElement is found successfully Entered the Human in the redeploymentJobTitleTextBox textbox successfully redeploymentJobLocationTextBoxElement is found successfully Entered the  in the redeploymentJobLocationTextBox textbox successfully redeploymentJobSearchButtonElement is found successfully Clicked on redeploymentJobSearchButton element successfully redeploymentJobSearchButtonElement is found successfully Clicked on redeploymentJobSearchButton element successfully Jobs are searched successfully redeploymentResultElement is found successfully redeploymentResultElement is found successfully redeploymentResultElement is found successfully Text value found for the :redeploymentResult redeploymentJobSearchTitleElement is found successfully redeploymentJobSearchTitleElement is found successfully Clicked on redeploymentJobSearchTitle element successfully redeploymentJobTitleTextBoxElement is found successfully Entered the Qualty Analyst in the redeploymentJobTitleTextBox textbox successfully redeploymentJobLocationTextBoxElement is found successfully Entered the  in the redeploymentJobLocationTextBox textbox successfully redeploymentJobSearchButtonElement is found successfully Clicked on redeploymentJobSearchButton element successfully redeploymentJobSearchButtonElement is found successfully Clicked on redeploymentJobSearchButton element successfully Jobs are searched successfully redeploymentResultElement is found successfully redeploymentResultElement is found successfully redeploymentResultElement is found successfully Text value found for the :redeploymentResult redeploymentJobSearchTitleElement is found successfully redeploymentJobSearchTitleElement is found successfully Clicked on redeploymentJobSearchTitle element successfully redeploymentJobTitleTextBoxElement is found successfully Entered the UAT in the redeploymentJobTitleTextBox textbox successfully redeploymentJobLocationTextBoxElement is found successfully Entered the  in the redeploymentJobLocationTextBox textbox successfully redeploymentJobSearchButtonElement is found successfully Clicked on redeploymentJobSearchButton element successfully redeploymentJobSearchButtonElement is found successfully Clicked on redeploymentJobSearchButton element successfully Jobs are searched successfully redeploymentResultElement is found successfully redeploymentResultElement is found successfully redeploymentResultElement is found successfully Text value found for the :redeploymentResult  </system-out>
</testsuite> <!-- com.lhh.test.redeployment.RedeploymentJobSearchTests -->
