<?xml version="1.0" encoding="UTF-8"?>
<!-- Generated by org.testng.reporters.JUnitReportReporter -->
<testsuite hostname="LAP-TZD-1x76965" failures="0" tests="1" name="com.lhh.test.redeployment.RedeploymentJobAgentTests" time="260.387" errors="0" timestamp="2021-09-07T14:52:17 IST" skipped="0">
  <testcase classname="com.lhh.test.redeployment.RedeploymentJobAgentTests" name="TC_30459_VerifyCanidateCannotUpdateJobAgentCardSearchCriteriaAlreadyExist" time="260.387"/>
  <system-out>
usernameCRNElement is found successfully Entered the Jhide.Philips in the usernameCRN textbox successfully passwordCRNElement is found successfully Entered the P@ssword123 in the passwordCRN textbox successfully letsdothisCRNElement is found successfully letsdothisCRNElement is found successfully Clicked on letsdothisCRN element successfully CRN Login is done successfully redeploymentJobsElement is found successfully redeploymentJobSearchTitleElement is found successfully Clicked on redeploymentJobSearchTitle element successfully redeploymentJobSearchTabElement is found successfully Expected Text matched with the Actual Text redeploymentJobSearchTitleElement is found successfully redeploymentJobSearchTitleElement is found successfully redeploymentJobTitleTextBoxElement is found successfully Entered the QA in the redeploymentJobTitleTextBox textbox successfully redeploymentJobLocationTextBoxElement is found successfully Entered the Reston in the redeploymentJobLocationTextBox textbox successfully redeploymentJobMoreOptionsButtonElement is found successfully redeploymentJobMoreOptionsButtonElement is found successfully redeploymentCompanyElement is found successfully redeploymentCompanyElement is found successfully Clicked on redeploymentCompany element successfully redeploymentJobSearchElement is found successfully redeploymentJobSearchElement is found successfully SavedJobSearchSectionElement is found successfully SavedJobSearchSectionElement is found successfully SavedJobSearchSectionElement is found successfully SavedJobSearchSectionElement is found successfully SavedJobSearchSectionElement is found successfully SavedJobSearchSectionElement is found successfully SavedJobSearchSectionElement is found successfully SavedJobSearchSectionElement is found successfully SavedJobSearchSectionElement is found successfully SavedJobSearchSectionElement is found successfully SavedJobSearchSectionElement is found successfully SavedJobSearchSectionElement is found successfully redeploymentJobSaveSearchButtonElement is found successfully redeploymentJobSaveSearchButtonElement is found successfully redeploymentJobAgentCookiesCloseButtonElement is found successfully redeploymentJobSaveSearchButtonElement is found successfully redeploymentJobAgentSaveSearchTitleElement is found successfully Expected text matched with the Actual Text redeploymentJobAgentNameTextBoxElement is found successfully Entered the TestingForExistingCriteria in the redeploymentJobAgentNameTextBox textbox successfully redeploymentJobAgentSaveButtonElement is found successfully SavedJobSearchSectionElement is found successfully SavedJobSearchSectionElement is found successfully SavedJobSearchSectionElement is found successfully SavedJobSearchSectionElement is found successfully SavedJobSearchSectionElement is found successfully SavedJobSearchSectionElement is found successfully SavedJobSearchSectionElement is found successfully SavedJobSearchSectionElement is found successfully SavedJobSearchSectionElement is found successfully SavedJobSearchSectionElement is found successfully SavedJobSearchSectionElement is found successfully SavedJobSearchSectionElement is found successfully JobAgent is not saved Successfully SavedJobSearchSectionElement is found successfully SavedJobSearchSectionElement is found successfully SavedJobSearchSectionElement is found successfully SavedJobSearchSectionElement is found successfully SavedJobSearchSectionElement is found successfully SavedJobSearchSectionElement is found successfully SavedJobSearchSectionElement is found successfully SavedJobSearchSectionElement is found successfully SavedJobSearchSectionElement is found successfully SavedJobSearchSectionElement is found successfully SavedJobSearchSectionElement is found successfully SavedJobSearchSectionElement is found successfully redeploymentSaveSearchAllLocationTypeComboLinkElement is found successfully redeploymentUpdateButtonInSavedSearchElement is found successfully redeploymentUpdateButtonInSavedSearchElement is found successfully redeploymentUpdateButtonInSavedSearchElement is found successfully redeploymentJobSaveSearchButtonElement is found successfully redeploymentJobSaveSearchButtonElement is found successfully redeploymentJobSaveSearchButtonElement is found successfully redeploymentJobAgentSaveSearchTitleElement is found successfully Expected text matched with the Actual Text redeploymentJobAgentNameTextBoxElement is found successfully Entered the TestingForExistingCriteriaAhmad in the redeploymentJobAgentNameTextBox textbox successfully redeploymentJobAgentSaveButtonElement is found successfully SavedJobSearchSectionElement is found successfully SavedJobSearchSectionElement is found successfully SavedJobSearchSectionElement is found successfully SavedJobSearchSectionElement is found successfully SavedJobSearchSectionElement is found successfully SavedJobSearchSectionElement is found successfully SavedJobSearchSectionElement is found successfully SavedJobSearchSectionElement is found successfully SavedJobSearchSectionElement is found successfully SavedJobSearchSectionElement is found successfully SavedJobSearchSectionElement is found successfully SavedJobSearchSectionElement is found successfully SavedJobSearchSectionElement is found successfully JobAgent is not saved Successfully SavedJobSearchSectionElement is found successfully SavedJobSearchSectionElement is found successfully SavedJobSearchSectionElement is found successfully SavedJobSearchSectionElement is found successfully SavedJobSearchSectionElement is found successfully SavedJobSearchSectionElement is found successfully SavedJobSearchSectionElement is found successfully SavedJobSearchSectionElement is found successfully SavedJobSearchSectionElement is found successfully SavedJobSearchSectionElement is found successfully SavedJobSearchSectionElement is found successfully SavedJobSearchSectionElement is found successfully SavedJobSearchSectionElement is found successfully redeploymentSaveSearchAllLocationTypeComboLinkElement is found successfully redeploymentUpdateButtonInSavedSearchElement is found successfully redeploymentUpdateButtonInSavedSearchElement is found successfully redeploymentUpdateButtonInSavedSearchElement is found successfully redeploymentUpdatModalOkElement is found successfully JobAgentModalWindowCloseElement is found successfully SavedJobSearchSectionElement is found successfully SavedJobSearchSectionElement is found successfully SavedJobSearchSectionElement is found successfully SavedJobSearchSectionElement is found successfully SavedJobSearchSectionElement is found successfully SavedJobSearchSectionElement is found successfully SavedJobSearchSectionElement is found successfully SavedJobSearchSectionElement is found successfully SavedJobSearchSectionElement is found successfully SavedJobSearchSectionElement is found successfully SavedJobSearchSectionElement is found successfully SavedJobSearchSectionElement is found successfully SavedJobSearchSectionElement is found successfully redeploymentSavedJobRemoveButtonElement is found successfully redeploymentSavedJobRemoveButtonElement is found successfully redeploymentSavedJobRemoveButtonElement is found successfully redeploymentModalOkButtonElement is found successfully  </system-out>
</testsuite> <!-- com.lhh.test.redeployment.RedeploymentJobAgentTests -->
