<?xml version="1.0" encoding="UTF-8"?>
<!-- Generated by org.testng.reporters.JUnitReportReporter -->
<testsuite hostname="LAP-TZD-1x76965" failures="0" tests="7" name="com.lhh.test.ofc.ColleagueProfileIndReferralDeliveryTimeTests" time="1278.066" errors="0" timestamp="2021-05-28T10:05:25 IST" skipped="0">
  <testcase classname="com.lhh.test.ofc.ColleagueProfileIndReferralDeliveryTimeTests" name="TC_10258_verifyDefaultLoadOfColleagueDeliveryTimelineFor30Days" time="159.005"/>
  <system-out>
emailSSOElement is found successfully Entered the Ritesh.Sahu@lhh.com in the emailSSO textbox successfully passwordSSOElement is found successfully Entered the Papaya440@ in the passwordSSO textbox successfully signInSSOElement is found successfully Clicked on signInSSO element successfully SSO Login is done successfully colleagueProfileExpandDownElement is found successfully colleagueMyProfileOptionElement is found successfully ActivityEventUnderColleagueIndividualReferralDeliveryTime are validated successfully colleagueMyProfileIndividualReferalDeliveryTimeTabElement is found successfully colleagueMyProfileIndividualReferalDeliveryTimeTabElement is found successfully Clicked on colleagueMyProfileIndividualReferalDeliveryTimeTab element successfully colleagueProfileIndividualReferalDeliveryTimeTab is clicked successfully colleagueprofileSelectElement is found successfully 30 days is selected by default collegueprofileShowMoreResultsElement is found successfully Clicked on collegueprofileShowMoreResults element successfully collegueprofileShowMoreResultsElement is found successfully Clicked on collegueprofileShowMoreResults element successfully collegueprofileShowMoreResultsElement is found successfully Clicked on collegueprofileShowMoreResults element successfully collegueprofileShowMoreResultsElement is found successfully Clicked on collegueprofileShowMoreResults element successfully collegueprofileShowMoreResultsElement is found successfully Clicked on collegueprofileShowMoreResults element successfully collegueprofileShowMoreResultsElement is found successfully Clicked on collegueprofileShowMoreResults element successfully collegueprofileShowMoreResultsElement is found successfully Clicked on collegueprofileShowMoreResults element successfully collegueprofileShowMoreResultsElement is found successfully Clicked on collegueprofileShowMoreResults element successfully collegueprofileShowMoreResultsElement is found successfully Clicked on collegueprofileShowMoreResults element successfully colleagueTimelineHeadingElement is found successfully Timeline is loading date less than 30 days from today date  </system-out>
  <testcase classname="com.lhh.test.ofc.ColleagueProfileIndReferralDeliveryTimeTests" name="TC_10261_verifyLoadOfColleagueDeliveryTimelineForGivenDateRange" time="185.132"/>
  <system-out>
emailSSOElement is found successfully Entered the Ritesh.Sahu@lhh.com in the emailSSO textbox successfully passwordSSOElement is found successfully Entered the Papaya440@ in the passwordSSO textbox successfully signInSSOElement is found successfully Clicked on signInSSO element successfully SSO Login is done successfully colleagueProfileExpandDownElement is found successfully colleagueMyProfileOptionElement is found successfully ActivityEventUnderColleagueIndividualReferralDeliveryTime are validated successfully colleagueMyProfileIndividualReferalDeliveryTimeTabElement is found successfully colleagueMyProfileIndividualReferalDeliveryTimeTabElement is found successfully Clicked on colleagueMyProfileIndividualReferalDeliveryTimeTab element successfully colleagueProfileIndividualReferalDeliveryTimeTab is clicked successfully colleagueProfileDateRangeElement is found successfully colleagueProfileDateRangeElement is found successfully Clicked on colleagueProfileDateRange element successfully colleagueProfileStartDateElement is found successfully Clicked on colleagueProfileStartDate element successfully calenderlastMonthButtonElement is found successfully Clicked on calenderlastMonthButton element successfully Desired date is selected colleagueProfileEndDateElement is found successfully Clicked on colleagueProfileEndDate element successfully colleagueProfileStartDateElement is found successfully colleagueProfileEndDateElement is found successfully colleagueProfileFilterElement is found successfully colleagueProfileFilterElement is found successfully Clicked on colleagueProfileFilter element successfully collegueprofileShowMoreResultsElement is found successfully Clicked on collegueprofileShowMoreResults element successfully collegueprofileShowMoreResultsElement is found successfully Clicked on collegueprofileShowMoreResults element successfully collegueprofileShowMoreResultsElement is found successfully Clicked on collegueprofileShowMoreResults element successfully collegueprofileShowMoreResultsElement is found successfully Clicked on collegueprofileShowMoreResults element successfully collegueprofileShowMoreResultsElement is found successfully Clicked on collegueprofileShowMoreResults element successfully collegueprofileShowMoreResultsElement is found successfully Clicked on collegueprofileShowMoreResults element successfully collegueprofileShowMoreResultsElement is found successfully Clicked on collegueprofileShowMoreResults element successfully collegueprofileShowMoreResultsElement is found successfully Clicked on collegueprofileShowMoreResults element successfully collegueprofileShowMoreResultsElement is found successfully Clicked on collegueprofileShowMoreResults element successfully colleagueTimelineHeadingElement is found successfully Timeline is loading date within the Start date range Timeline is loading date within the End date range  </system-out>
  <testcase classname="com.lhh.test.ofc.ColleagueProfileIndReferralDeliveryTimeTests" name="TC_10262_verifyDownloadTheCandidateActivityFromColleagueDeliveryTimeline" time="204.041"/>
  <system-out>
emailSSOElement is found successfully Entered the Ritesh.Sahu@lhh.com in the emailSSO textbox successfully passwordSSOElement is found successfully Entered the Papaya440@ in the passwordSSO textbox successfully signInSSOElement is found successfully Clicked on signInSSO element successfully SSO Login is done successfully colleagueProfileExpandDownElement is found successfully colleagueMyProfileOptionElement is found successfully ActivityEventUnderColleagueIndividualReferralDeliveryTime are validated successfully colleagueMyProfileIndividualReferalDeliveryTimeTabElement is found successfully colleagueMyProfileIndividualReferalDeliveryTimeTabElement is found successfully Clicked on colleagueMyProfileIndividualReferalDeliveryTimeTab element successfully colleagueProfileIndividualReferalDeliveryTimeTab is clicked successfully colleagueProfileCandidateActivityFilterElement is found successfully Download Icon is disabled Download Icon is disabled Download Icon is disabled colleagueProfileStartDateElement is found successfully Clicked on colleagueProfileStartDate element successfully calenderlastMonthButtonElement is found successfully Clicked on calenderlastMonthButton element successfully Desired date is selected colleagueProfileEndDateElement is found successfully Clicked on colleagueProfileEndDate element successfully colleagueProfileFilterElement is found successfully colleagueProfileFilterElement is found successfully Clicked on colleagueProfileFilter element successfully Download Icon is disabled  </system-out>
  <testcase classname="com.lhh.test.ofc.ColleagueProfileIndReferralDeliveryTimeTests" name="TC_10264_verifyTotalTimeSpentDisplayedAsTheSumOfTimeDurationOfAllDisplayedActivitiesForSelectedTimeDuration" time="246.608"/>
  <system-out>
emailSSOElement is found successfully Entered the Ritesh.Sahu@lhh.com in the emailSSO textbox successfully passwordSSOElement is found successfully Entered the Papaya440@ in the passwordSSO textbox successfully signInSSOElement is found successfully Clicked on signInSSO element successfully SSO Login is done successfully colleagueProfileExpandDownElement is found successfully colleagueMyProfileOptionElement is found successfully ActivityEventUnderColleagueIndividualReferralDeliveryTime are validated successfully colleagueMyProfileIndividualReferalDeliveryTimeTabElement is found successfully colleagueMyProfileIndividualReferalDeliveryTimeTabElement is found successfully Clicked on colleagueMyProfileIndividualReferalDeliveryTimeTab element successfully colleagueProfileIndividualReferalDeliveryTimeTab is clicked successfully colleagueProfileCandidateActivityFilterElement is found successfully collegueprofileShowMoreResultsElement is found successfully Clicked on collegueprofileShowMoreResults element successfully collegueprofileShowMoreResultsElement is found successfully Clicked on collegueprofileShowMoreResults element successfully collegueprofileShowMoreResultsElement is found successfully Clicked on collegueprofileShowMoreResults element successfully collegueprofileShowMoreResultsElement is found successfully Clicked on collegueprofileShowMoreResults element successfully collegueprofileShowMoreResultsElement is found successfully Clicked on collegueprofileShowMoreResults element successfully collegueprofileShowMoreResultsElement is found successfully Clicked on collegueprofileShowMoreResults element successfully collegueprofileShowMoreResultsElement is found successfully Clicked on collegueprofileShowMoreResults element successfully collegueprofileShowMoreResultsElement is found successfully Clicked on collegueprofileShowMoreResults element successfully collegueprofileShowMoreResultsElement is found successfully Clicked on collegueprofileShowMoreResults element successfully colleagueProfileTimelineTimeSpanElement is found successfully colleagueTotalTimeSpentElement is found successfully collegueProfileForTotalTimeSpentInHourAndMinutesElement is found successfully Text value found for the :collegueProfileForTotalTimeSpentInHourAndMinutes 1 HOUR 25 MINUTES is having the text 1 HOUR 25 MINUTES collegueprofileShowMoreResultsElement is found successfully Clicked on collegueprofileShowMoreResults element successfully collegueprofileShowMoreResultsElement is found successfully Clicked on collegueprofileShowMoreResults element successfully collegueprofileShowMoreResultsElement is found successfully Clicked on collegueprofileShowMoreResults element successfully collegueprofileShowMoreResultsElement is found successfully Clicked on collegueprofileShowMoreResults element successfully collegueprofileShowMoreResultsElement is found successfully Clicked on collegueprofileShowMoreResults element successfully collegueprofileShowMoreResultsElement is found successfully Clicked on collegueprofileShowMoreResults element successfully collegueprofileShowMoreResultsElement is found successfully Clicked on collegueprofileShowMoreResults element successfully collegueprofileShowMoreResultsElement is found successfully Clicked on collegueprofileShowMoreResults element successfully collegueprofileShowMoreResultsElement is found successfully Clicked on collegueprofileShowMoreResults element successfully colleagueProfileTimelineTimeSpanElement is found successfully colleagueTotalTimeSpentElement is found successfully collegueProfileForTotalTimeSpentInHourAndMinutesElement is found successfully Text value found for the :collegueProfileForTotalTimeSpentInHourAndMinutes 1 HOUR 25 MINUTES is having the text 1 HOUR 25 MINUTES collegueprofileShowMoreResultsElement is found successfully Clicked on collegueprofileShowMoreResults element successfully collegueprofileShowMoreResultsElement is found successfully Clicked on collegueprofileShowMoreResults element successfully collegueprofileShowMoreResultsElement is found successfully Clicked on collegueprofileShowMoreResults element successfully collegueprofileShowMoreResultsElement is found successfully Clicked on collegueprofileShowMoreResults element successfully collegueprofileShowMoreResultsElement is found successfully Clicked on collegueprofileShowMoreResults element successfully collegueprofileShowMoreResultsElement is found successfully Clicked on collegueprofileShowMoreResults element successfully collegueprofileShowMoreResultsElement is found successfully Clicked on collegueprofileShowMoreResults element successfully collegueprofileShowMoreResultsElement is found successfully Clicked on collegueprofileShowMoreResults element successfully collegueprofileShowMoreResultsElement is found successfully Clicked on collegueprofileShowMoreResults element successfully colleagueProfileTimelineTimeSpanElement is found successfully colleagueTotalTimeSpentElement is found successfully collegueProfileForTotalTimeSpentInHourAndMinutesElement is found successfully Text value found for the :collegueProfileForTotalTimeSpentInHourAndMinutes 1 HOUR 50 MINUTES is having the text 1 HOUR 50 MINUTES colleagueProfileStartDateElement is found successfully Clicked on colleagueProfileStartDate element successfully calenderlastMonthButtonElement is found successfully Clicked on calenderlastMonthButton element successfully Desired date is selected colleagueProfileEndDateElement is found successfully Clicked on colleagueProfileEndDate element successfully colleagueProfileFilterElement is found successfully colleagueProfileFilterElement is found successfully Clicked on colleagueProfileFilter element successfully collegueprofileShowMoreResultsElement is found successfully Clicked on collegueprofileShowMoreResults element successfully collegueprofileShowMoreResultsElement is found successfully Clicked on collegueprofileShowMoreResults element successfully collegueprofileShowMoreResultsElement is found successfully Clicked on collegueprofileShowMoreResults element successfully collegueprofileShowMoreResultsElement is found successfully Clicked on collegueprofileShowMoreResults element successfully collegueprofileShowMoreResultsElement is found successfully Clicked on collegueprofileShowMoreResults element successfully collegueprofileShowMoreResultsElement is found successfully Clicked on collegueprofileShowMoreResults element successfully collegueprofileShowMoreResultsElement is found successfully Clicked on collegueprofileShowMoreResults element successfully collegueprofileShowMoreResultsElement is found successfully Clicked on collegueprofileShowMoreResults element successfully collegueprofileShowMoreResultsElement is found successfully Clicked on collegueprofileShowMoreResults element successfully colleagueProfileTimelineTimeSpanElement is found successfully colleagueTotalTimeSpentElement is found successfully collegueProfileForTotalTimeSpentInHourAndMinutesElement is found successfully Text value found for the :collegueProfileForTotalTimeSpentInHourAndMinutes 3 HOURS 55 MINUTES is having the text 3 HOURS 55 MINUTES Total time Spent is matching with the timeline time  </system-out>
  <testcase classname="com.lhh.test.ofc.ColleagueProfileIndReferralDeliveryTimeTests" name="TC_10263_verifyTheDateRangeDisplayedAsPerSelectedActivityDuration" time="156.062"/>
  <system-out>
emailSSOElement is found successfully Entered the Ritesh.Sahu@lhh.com in the emailSSO textbox successfully passwordSSOElement is found successfully Entered the Papaya440@ in the passwordSSO textbox successfully signInSSOElement is found successfully Clicked on signInSSO element successfully SSO Login is done successfully colleagueProfileExpandDownElement is found successfully colleagueMyProfileOptionElement is found successfully ActivityEventUnderColleagueIndividualReferralDeliveryTime are validated successfully colleagueMyProfileIndividualReferalDeliveryTimeTabElement is found successfully colleagueMyProfileIndividualReferalDeliveryTimeTabElement is found successfully Clicked on colleagueMyProfileIndividualReferalDeliveryTimeTab element successfully colleagueProfileIndividualReferalDeliveryTimeTab is clicked successfully colleagueProfileCandidateActivityFilterElement is found successfully colleagueProfileActivityForStartDateElement is found successfully Text value found for the :colleagueProfileActivityForStartDate colleagueProfileActivityForEndDateElement is found successfully Text value found for the :colleagueProfileActivityForEndDate MAY 22, 2021 - MAY 28, 2021 is having the text MAY 22, 2021 - MAY 28, 2021 colleagueProfileActivityForStartDateElement is found successfully Text value found for the :colleagueProfileActivityForStartDate colleagueProfileActivityForEndDateElement is found successfully Text value found for the :colleagueProfileActivityForEndDate MAY 15, 2021 - MAY 28, 2021 is having the text MAY 15, 2021 - MAY 28, 2021 colleagueProfileActivityForStartDateElement is found successfully Text value found for the :colleagueProfileActivityForStartDate colleagueProfileActivityForEndDateElement is found successfully Text value found for the :colleagueProfileActivityForEndDate APRIL 29, 2021 - MAY 28, 2021 is having the text APRIL 29, 2021 - MAY 28, 2021 colleagueProfileStartDateElement is found successfully Clicked on colleagueProfileStartDate element successfully calenderlastMonthButtonElement is found successfully Clicked on calenderlastMonthButton element successfully Desired date is selected colleagueProfileEndDateElement is found successfully Clicked on colleagueProfileEndDate element successfully colleagueProfileStartDateElement is found successfully colleagueProfileEndDateElement is found successfully colleagueProfileFilterElement is found successfully colleagueProfileFilterElement is found successfully Clicked on colleagueProfileFilter element successfully colleagueProfileActivityForStartDateElement is found successfully Text value found for the :colleagueProfileActivityForStartDate colleagueProfileActivityForEndDateElement is found successfully Text value found for the :colleagueProfileActivityForEndDate APRIL 1, 2021 - MAY 28, 2021 is having the text APRIL 1, 2021 - MAY 28, 2021  </system-out>
  <testcase classname="com.lhh.test.ofc.ColleagueProfileIndReferralDeliveryTimeTests" name="TC_10260_verifyDefaultLoadOfColleagueDeliveryTimelineForLastWeek" time="159.526"/>
  <system-out>
emailSSOElement is found successfully Entered the Ritesh.Sahu@lhh.com in the emailSSO textbox successfully passwordSSOElement is found successfully Entered the Papaya440@ in the passwordSSO textbox successfully signInSSOElement is found successfully Clicked on signInSSO element successfully SSO Login is done successfully colleagueProfileExpandDownElement is found successfully colleagueMyProfileOptionElement is found successfully ActivityEventUnderColleagueIndividualReferralDeliveryTime are validated successfully colleagueMyProfileIndividualReferalDeliveryTimeTabElement is found successfully colleagueMyProfileIndividualReferalDeliveryTimeTabElement is found successfully Clicked on colleagueMyProfileIndividualReferalDeliveryTimeTab element successfully colleagueProfileIndividualReferalDeliveryTimeTab is clicked successfully colleagueprofileLastWeekElement is found successfully colleagueprofileLastWeekElement is found successfully Clicked on colleagueprofileLastWeek element successfully colleagueprofileSelectElement is found successfully Last Week is selected by default collegueprofileShowMoreResultsElement is found successfully Clicked on collegueprofileShowMoreResults element successfully collegueprofileShowMoreResultsElement is found successfully Clicked on collegueprofileShowMoreResults element successfully collegueprofileShowMoreResultsElement is found successfully Clicked on collegueprofileShowMoreResults element successfully collegueprofileShowMoreResultsElement is found successfully Clicked on collegueprofileShowMoreResults element successfully collegueprofileShowMoreResultsElement is found successfully Clicked on collegueprofileShowMoreResults element successfully collegueprofileShowMoreResultsElement is found successfully Clicked on collegueprofileShowMoreResults element successfully collegueprofileShowMoreResultsElement is found successfully Clicked on collegueprofileShowMoreResults element successfully collegueprofileShowMoreResultsElement is found successfully Clicked on collegueprofileShowMoreResults element successfully collegueprofileShowMoreResultsElement is found successfully Clicked on collegueprofileShowMoreResults element successfully colleagueTimelineHeadingElement is found successfully Timeline is loading date last week list from today date  </system-out>
  <testcase classname="com.lhh.test.ofc.ColleagueProfileIndReferralDeliveryTimeTests" name="TC_10259_verifyDefaultLoadOfColleagueDeliveryTimelineForLastTwoWeeks" time="167.692"/>
  <system-out>
emailSSOElement is found successfully Entered the Ritesh.Sahu@lhh.com in the emailSSO textbox successfully passwordSSOElement is found successfully Entered the Papaya440@ in the passwordSSO textbox successfully signInSSOElement is found successfully Clicked on signInSSO element successfully SSO Login is done successfully colleagueProfileExpandDownElement is found successfully colleagueMyProfileOptionElement is found successfully ActivityEventUnderColleagueIndividualReferralDeliveryTime are validated successfully colleagueMyProfileIndividualReferalDeliveryTimeTabElement is found successfully colleagueMyProfileIndividualReferalDeliveryTimeTabElement is found successfully Clicked on colleagueMyProfileIndividualReferalDeliveryTimeTab element successfully colleagueProfileIndividualReferalDeliveryTimeTab is clicked successfully colleagueprofileLastTwoWeeksElement is found successfully colleagueprofileLastTwoWeeksElement is found successfully Clicked on colleagueprofileLastTwoWeeks element successfully colleagueprofileSelectElement is found successfully Last Two Week is selected by default collegueprofileShowMoreResultsElement is found successfully Clicked on collegueprofileShowMoreResults element successfully collegueprofileShowMoreResultsElement is found successfully Clicked on collegueprofileShowMoreResults element successfully collegueprofileShowMoreResultsElement is found successfully Clicked on collegueprofileShowMoreResults element successfully collegueprofileShowMoreResultsElement is found successfully Clicked on collegueprofileShowMoreResults element successfully collegueprofileShowMoreResultsElement is found successfully Clicked on collegueprofileShowMoreResults element successfully collegueprofileShowMoreResultsElement is found successfully Clicked on collegueprofileShowMoreResults element successfully collegueprofileShowMoreResultsElement is found successfully Clicked on collegueprofileShowMoreResults element successfully collegueprofileShowMoreResultsElement is found successfully Clicked on collegueprofileShowMoreResults element successfully collegueprofileShowMoreResultsElement is found successfully Clicked on collegueprofileShowMoreResults element successfully colleagueTimelineHeadingElement is found successfully Timeline is loading date last two week list from today date  </system-out>
</testsuite> <!-- com.lhh.test.ofc.ColleagueProfileIndReferralDeliveryTimeTests -->
