<?xml version="1.0" encoding="UTF-8"?>
<!-- Generated by org.testng.reporters.JUnitReportReporter -->
<testsuite hostname="LAP-TZD-1x76965" failures="0" tests="1" name="com.lhh.test.amazondocs.CRNAmazonTestsForOfferedCandidates" time="45.889" errors="0" timestamp="2021-09-13T16:50:53 IST" skipped="0">
  <testcase classname="com.lhh.test.amazondocs.CRNAmazonTestsForOfferedCandidates" name="TC_19738_verifyIfUserIsAbleToNavigateFullCRNGoalPageWithoutPhoneNumber" time="45.889"/>
  <system-out>
amazonLoginHereElement is found successfully Login Here link is present amazonLoginHereElement is found successfully Candidate is not landing on Amazon Relogin Page usernameCRNElement is found successfully Entered the PYG.Offered in the usernameCRN textbox successfully passwordCRNElement is found successfully Entered the P@ssword123 in the passwordCRN textbox successfully letsdothisCRNElement is found successfully letsdothisCRNElement is found successfully Clicked on letsdothisCRN element successfully CRN Login is done successfully lhhlogoElement is found successfully lhhlogoElement is found successfully Actual text is matched with the exptected text welcomeTitleElement is found successfully Expected text matched with the Actual Text Candidate is landing on Amazon landing page  successfully submissionFormElement is found successfully Submission form is displayed submissionFormFieldEditableForPersonalEmailElement is found successfully submissionFormFieldEditableForPersonalEmailElement is found successfully Entered the test@gmail.com in the submissionFormFieldEditableForPersonalEmail textbox successfully submissionFormFieldEditableForPersonalEmailElement is found successfully Email format is correct and domain name is amazon submissionFormSubmitButtonElement is found successfully submissionFormSubmitButtonElement is found successfully submissionFormSubmitButtonis present submissionFormSubmitButtonElement is found successfully crnGoalWelcomePageElement is found successfully crnWelcomePageTitleElement is found successfully Text value found for the :crnWelcomePageTitle Actual text is matched with the exptected text  </system-out>
</testsuite> <!-- com.lhh.test.amazondocs.CRNAmazonTestsForOfferedCandidates -->
