<?xml version="1.0" encoding="UTF-8"?>
<!-- Generated by org.testng.reporters.JUnitReportReporter -->
<testsuite hostname="LAP-TZD-1x76965" failures="0" tests="2" name="com.lhh.test.ofc.ColleagueProfileTests" time="270.735" errors="0" timestamp="2021-05-27T18:15:46 IST" skipped="0">
  <testcase classname="com.lhh.test.ofc.ColleagueProfileTests" name="TC_10255_validateConsultantBasicInfoDetails" time="131.622"/>
  <system-out>
emailSSOElement is found successfully Entered the Ritesh.Sahu@lhh.com in the emailSSO textbox successfully passwordSSOElement is found successfully Entered the Papaya440@ in the passwordSSO textbox successfully signInSSOElement is found successfully Clicked on signInSSO element successfully SSO Login is done successfully colleagueProfileExpandDownElement is found successfully colleagueMyProfileOptionElement is found successfully ActivityEventUnderColleagueIndividualReferralDeliveryTime are validated successfully consultantProfileTabElement is found successfully consultantProfileBasicInfoElement is found successfully ConsultantProfilePage is displayed successfully candidateProfileFirstNamLAElement is found successfully consultantFirstNameFieldElement is found successfully candidateProfileLastNameLAElement is found successfully consultantLastNameFieldElement is found successfully consultantNickNameLAElement is found successfully consultantNickNameFieldElement is found successfully consultantContactSectionElement is found successfully consultantGroupVideoConLAElement is found successfully consultantGroupVideoFieldElement is found successfully consultantPhoneNoLAElement is found successfully consultantPhoneNoFieldElement is found successfully consultantMobileNoLAElement is found successfully consultantMobileNoFieldElement is found successfully consultantOfficeSectionElement is found successfully consultantOfficeLabelElement is found successfully consultantOfficeFieldElement is found successfully consultantAddress1LAElement is found successfully consultantAddress1FieldElement is found successfully consultantAddress2LAElement is found successfully consultantAddress2FieldElement is found successfully consultantAddress3LAElement is found successfully consultantAddress3FieldElement is found successfully consultantPostalCodeLAElement is found successfully consultantPostalCodeFieldElement is found successfully consultantCountryLAElement is found successfully consultantCountryFieldElement is found successfully validatelabelsAndFieldsUnderConsultantBasicInfo has been validated successfully consultantProfileSignLabelElement is found successfully consultantProfileSignMessageElement is found successfully ConsultantProfile Signature section is displayed successfully consultantProfileSignOfficeLabelElement is found successfully consultantProfileSignOfficeFieldElement is found successfully consultantProfileSignAddressLine1LabelElement is found successfully consultantProfileSignAddressLine1FieldElement is found successfully consultantProfileSignAddressLine2LabelElement is found successfully consultantProfileSignAddressLine2FieldElement is found successfully consultantProfileSignAddressLine3LabelElement is found successfully consultantProfileSignAddressLine3FieldElement is found successfully consultantProfileSignCityLabelElement is found successfully consultantProfileSignCityFieldElement is found successfully consultantProfileSignStateLabelElement is found successfully consultantProfileSignStateFieldElement is found successfully consultantProfileSignPostalLabelElement is found successfully consultantProfileSignPostalFieldElement is found successfully consultantProfileSignCountryLabelElement is found successfully consultantProfileSignCountryFieldElement is found successfully consultantProfileSignTagLineLabelElement is found successfully consultantProfileSignTagLineFieldElement is found successfully  </system-out>
  <testcase classname="com.lhh.test.ofc.ColleagueProfileTests" name="TC_10256_validateConsultantBasicInfoUpdateAndSave" time="139.113"/>
  <system-out>
emailSSOElement is found successfully Entered the Ritesh.Sahu@lhh.com in the emailSSO textbox successfully passwordSSOElement is found successfully Entered the Papaya440@ in the passwordSSO textbox successfully signInSSOElement is found successfully Clicked on signInSSO element successfully SSO Login is done successfully colleagueProfileExpandDownElement is found successfully colleagueMyProfileOptionElement is found successfully ActivityEventUnderColleagueIndividualReferralDeliveryTime are validated successfully consultantProfileTabElement is found successfully consultantProfileBasicInfoElement is found successfully ConsultantProfilePage is displayed successfully consultantVideoConLAElement is found successfully consultantVideoConFieldElement is found successfully Clicked on consultantVideoConField element successfully consultantVideoConFieldElement is found successfully Entered the Skyp@123 in the consultantVideoConField textbox successfully consultantEmailLAElement is found successfully consultantEmailFieldElement is found successfully consultantTitleLAElement is found successfully consultantTitleFieldElement is found successfully Clicked on consultantTitleField element successfully consultantTitleFieldElement is found successfully Entered the SharmaAnurag in the consultantTitleField textbox successfully consultantCityLAElement is found successfully consultantCityFieldElement is found successfully consultantStateLAElement is found successfully consultantStateFieldElement is found successfully consultantProfileSignLabelElement is found successfully consultantProfileSignMessageElement is found successfully ConsultantProfile Signature section is displayed successfully consultantProfileSignOfficeLabelElement is found successfully consultantProfileSignOfficeFieldElement is found successfully Clicked on consultantProfileSignOfficeField element successfully consultantProfileSignOfficeFieldElement is found successfully Entered the Woodland Hills in the consultantProfileSignOfficeField textbox successfully Value in ConsultantProfile Signature Office is entered successfully consultantProfileSignAddressLine1LabelElement is found successfully consultantProfileSignAddressLine1FieldElement is found successfully Clicked on consultantProfileSignAddressLine1Field element successfully consultantProfileSignAddressLine1FieldElement is found successfully Entered the 114/2 - Brampton in the consultantProfileSignAddressLine1Field textbox successfully Value in ConsultantProfile Signature Address1 is entered successfully consultantProfileSaveBtnElement is found successfully consultantProfileSaveBtnElement is found successfully Clicked on consultantProfileSaveBtn element successfully Details are saved successfully consultantVideoConFieldElement is found successfully Expected Text matched with the Actual Text consultantTitleFieldElement is found successfully Expected Text matched with the Actual Text consultantProfileSignOfficeFieldElement is found successfully Expected Text matched with the Actual Text consultantProfileSignAddressLine1FieldElement is found successfully Expected Text matched with the Actual Text All the fields are updated successfully  </system-out>
</testsuite> <!-- com.lhh.test.ofc.ColleagueProfileTests -->
