<?xml version="1.0" encoding="UTF-8"?>
<!-- Generated by org.testng.reporters.JUnitReportReporter -->
<testsuite hostname="LAP-TZD-1x76965" failures="1" tests="1" name="com.lhh.test.redeployment.RedeploymentAdvancedJobSearchTests" time="98.455" errors="0" timestamp="2021-09-07T10:18:31 IST" skipped="0">
  <testcase classname="com.lhh.test.redeployment.RedeploymentAdvancedJobSearchTests" name="TC_45802_VerifySearchResultsIsBasedOnRemote" time="98.455">
    <failure message="Remote/Work from home not displayed in Job card title or location" type="java.lang.AssertionError">
      <![CDATA[java.lang.AssertionError: Remote/Work from home not displayed in Job card title or location
at org.testng.Assert.fail(Assert.java:97)
at com.lhh.framework.reports.ReportStep.hardFail(ReportStep.java:85)
at com.lhh.test.businessfunctions.RedeploymentJobSearchPage.verifyJobResultForFullyRemoteLocationType(RedeploymentJobSearchPage.java:3584)
at com.lhh.test.redeployment.RedeploymentAdvancedJobSearchTests.TC_45802_VerifySearchResultsIsBasedOnRemote(RedeploymentAdvancedJobSearchTests.java:110)
at java.base/jdk.internal.reflect.NativeMethodAccessorImpl.invoke0(Native Method)
at java.base/jdk.internal.reflect.NativeMethodAccessorImpl.invoke(NativeMethodAccessorImpl.java:64)
at java.base/jdk.internal.reflect.DelegatingMethodAccessorImpl.invoke(DelegatingMethodAccessorImpl.java:43)
at java.base/java.lang.reflect.Method.invoke(Method.java:564)
at org.testng.internal.MethodInvocationHelper.invokeMethod(MethodInvocationHelper.java:134)
at org.testng.internal.TestInvoker.invokeMethod(TestInvoker.java:597)
at org.testng.internal.TestInvoker.invokeTestMethod(TestInvoker.java:173)
at org.testng.internal.MethodRunner.runInSequence(MethodRunner.java:46)
at org.testng.internal.TestInvoker$MethodInvocationAgent.invoke(TestInvoker.java:816)
at org.testng.internal.TestInvoker.invokeTestMethods(TestInvoker.java:146)
at org.testng.internal.TestMethodWorker.invokeTestMethods(TestMethodWorker.java:146)
at org.testng.internal.TestMethodWorker.run(TestMethodWorker.java:128)
at java.base/java.util.ArrayList.forEach(ArrayList.java:1511)
at org.testng.TestRunner.privateRun(TestRunner.java:766)
at org.testng.TestRunner.run(TestRunner.java:587)
at org.testng.SuiteRunner.runTest(SuiteRunner.java:384)
at org.testng.SuiteRunner.runSequentially(SuiteRunner.java:378)
at org.testng.SuiteRunner.privateRun(SuiteRunner.java:337)
at org.testng.SuiteRunner.run(SuiteRunner.java:286)
at org.testng.SuiteRunnerWorker.runSuite(SuiteRunnerWorker.java:53)
at org.testng.SuiteRunnerWorker.run(SuiteRunnerWorker.java:96)
at org.testng.TestNG.runSuitesSequentially(TestNG.java:1187)
at org.testng.TestNG.runSuitesLocally(TestNG.java:1109)
at org.testng.TestNG.runSuites(TestNG.java:1039)
at org.testng.TestNG.run(TestNG.java:1007)
at org.testng.remote.AbstractRemoteTestNG.run(AbstractRemoteTestNG.java:115)
at org.testng.remote.RemoteTestNG.initAndRun(RemoteTestNG.java:251)
at org.testng.remote.RemoteTestNG.main(RemoteTestNG.java:77)
]]>
    </failure>
  </testcase> <!-- TC_45802_VerifySearchResultsIsBasedOnRemote -->
  <system-out>
usernameCRNElement is found successfully Entered the Jhide.Philips in the usernameCRN textbox successfully passwordCRNElement is found successfully Entered the P@ssword123 in the passwordCRN textbox successfully letsdothisCRNElement is found successfully letsdothisCRNElement is found successfully Clicked on letsdothisCRN element successfully CRN Login is done successfully redeploymentJobsMenuElement is found successfully Clicked on redeploymentJobsMenu element successfully redeploymentJobSearchTitleElement is found successfully redeploymentJobSearchTitleElement is found successfully Clicked on redeploymentJobSearchTitle element successfully redeploymentJobSearchTabElement is found successfully Expected Text matched with the Actual Text redeploymentJobLocationTypeComboBoxLinkElement is found successfully redeploymentJobMoreOptionsButtonElement is found successfully redeploymentJobMoreOptionsButtonElement is found successfully redeploymentJobPostedAnyTimeLinkElement is found successfully redeploymentJobPostedAnyTimeLinkElement is found successfully Clicked on redeploymentJobPostedAnyTimeLink element successfully jobPostingTextBoxElement is found successfully Entered the Posted Anytime in the jobPostingTextBox textbox successfully redeploymentJobSearchElement is found successfully redeploymentJobSearchElement is found successfully Text value found for the :[[ChromeDriver: chrome on WINDOWS (75d3872a5eeefcb9a6a4ccd10c5b24b5)] -> xpath: //div[@class='profile-div']/div[@class='pro-date-location']/span[1]] Text value found for the :[[ChromeDriver: chrome on WINDOWS (75d3872a5eeefcb9a6a4ccd10c5b24b5)] -> xpath: //span[@id='spnJobCardTitleId']]  </system-out>
</testsuite> <!-- com.lhh.test.redeployment.RedeploymentAdvancedJobSearchTests -->
