<?xml version="1.0" encoding="UTF-8"?>
<!-- Generated by org.testng.reporters.JUnitReportReporter -->
<testsuite hostname="LAP-TZD-1x76965" failures="0" tests="1" name="com.lhh.test.ofc.ColleagueProfileAllOtherDeliveryTimeTests" time="165.858" errors="0" timestamp="2021-05-28T11:18:40 IST" skipped="0">
  <testcase classname="com.lhh.test.ofc.ColleagueProfileAllOtherDeliveryTimeTests" name="TC_10273_validateDateRangeDisplayedAsPerSelectedActivityDuration" time="165.858"/>
  <system-out>
emailSSOElement is found successfully Entered the Ritesh.Sahu@lhh.com in the emailSSO textbox successfully passwordSSOElement is found successfully Entered the Papaya440@ in the passwordSSO textbox successfully signInSSOElement is found successfully Clicked on signInSSO element successfully SSO Login is done successfully colleagueProfileExpandDownElement is found successfully colleagueMyProfileOptionElement is found successfully ActivityEventUnderColleagueIndividualReferralDeliveryTime are validated successfully colleagueProfileAllOtherDeliveryTimeTabElement is found successfully colleagueProfileAllOtherDeliveryTimeTabElement is found successfully Clicked on colleagueProfileAllOtherDeliveryTimeTab element successfully colleagueProfileAllOtherDeliveryTimeTab is clicked successfully colleagueProfileAllOtherDeliveryTitleElement is found successfully ColleagueAllOtherDelivery is displayed successfully colleagueAllOtherTabDateRangeElement is found successfully colleagueProfileActivityForStartDateElement is found successfully Text value found for the :colleagueProfileActivityForStartDate colleagueProfileActivityForEndDateElement is found successfully Text value found for the :colleagueProfileActivityForEndDate MAY 22, 2021 - MAY 28, 2021 is having the text  -  colleagueProfileActivityForStartDateElement is found successfully Text value found for the :colleagueProfileActivityForStartDate colleagueProfileActivityForEndDateElement is found successfully Text value found for the :colleagueProfileActivityForEndDate MAY 15, 2021 - MAY 28, 2021 is having the text  -  colleagueProfileActivityForStartDateElement is found successfully Text value found for the :colleagueProfileActivityForStartDate colleagueProfileActivityForEndDateElement is found successfully Text value found for the :colleagueProfileActivityForEndDate APRIL 29, 2021 - MAY 28, 2021 is having the text  -  colleagueProfileStartDateElement is found successfully Clicked on colleagueProfileStartDate element successfully calenderlastMonthButtonElement is found successfully Clicked on calenderlastMonthButton element successfully Desired date is selected colleagueProfileEndDateElement is found successfully Clicked on colleagueProfileEndDate element successfully colleagueProfileStartDateElement is found successfully colleagueProfileEndDateElement is found successfully colleagueProfileFilterElement is found successfully colleagueProfileFilterElement is found successfully Clicked on colleagueProfileFilter element successfully colleagueAllOtherTabStartDateElement is found successfully Text value found for the :colleagueAllOtherTabStartDate colleagueAllOtherTabEndDateElement is found successfully Text value found for the :colleagueAllOtherTabEndDate APRIL 1, 2021 - MAY 28, 2021 is having the text APRIL 1, 2021 - MAY 28, 2021  </system-out>
</testsuite> <!-- com.lhh.test.ofc.ColleagueProfileAllOtherDeliveryTimeTests -->
