<?xml version="1.0" encoding="UTF-8"?>
<!-- Generated by org.testng.reporters.JUnitReportReporter -->
<testsuite hostname="LAP-TZD-1x76965" failures="0" tests="1" name="com.lhh.test.ofc.CandidateProfileActivityTests" time="268.430" errors="0" timestamp="2021-05-27T22:25:17 IST" skipped="0">
  <testcase classname="com.lhh.test.ofc.CandidateProfileActivityTests" name="TC_10228_createAdHocActivity" time="268.430"/>
  <system-out>
emailSSOElement is found successfully Entered the Ritesh.Sahu@lhh.com in the emailSSO textbox successfully passwordSSOElement is found successfully Entered the Papaya440@ in the passwordSSO textbox successfully signInSSOElement is found successfully Clicked on signInSSO element successfully SSO Login is done successfully queuesTabElement is found successfully Clicked on queuesTab element successfully queuesCandidatesTabElement is found successfully Clicked on queuesCandidatesTab element successfully candidateSearchBoxElement is found successfully Entered the George in the candidateSearchBox textbox successfully candidateNameListElement is found successfully candidateNameOnCardElement is found successfully Clicked on candidateNameOnCard element successfully candidateActivityTabElement is found successfully Clicked on candidateActivityTab element successfully clickOnCandidateActivityTab is clicked successfully candidateActivityPageTitleElement is found successfully CandidateProfileActivityPage is displayed successfully candidateActivityAdHocPlusIconElement is found successfully Clicked on candidateActivityAdHocPlusIcon element successfully AdHocActivityPlusIcon is clicked successfully Actual text is matched with the exptected text Actual text is matched with the exptected text Actual text is matched with the exptected text Actual text is matched with the exptected text Actual text is matched with the exptected text Actual text is matched with the exptected text Actual text is matched with the exptected text Actual text is matched with the exptected text Actual text is matched with the exptected text Actual text is matched with the exptected text Actual text is matched with the exptected text Actual text is matched with the exptected text Actual text is matched with the exptected text Actual text is matched with the exptected text Actual text is matched with the exptected text Actual text is matched with the exptected text Actual text is matched with the exptected text Actual text is matched with the exptected text Actual text is matched with the exptected text Actual text is matched with the exptected text Actual text is matched with the exptected text Actual text is matched with the exptected text Actual text is matched with the exptected text Actual text is matched with the exptected text Actual text is matched with the exptected text Actual text is matched with the exptected text Actual text is matched with the exptected text Actual text is matched with the exptected text Actual text is matched with the exptected text Actual text is matched with the exptected text Actual text is matched with the exptected text Actual text is matched with the exptected text Actual text is matched with the exptected text Actual text is matched with the exptected text Actual text is matched with the exptected text Actual text is matched with the exptected text Actual text is matched with the exptected text backBtnElement is found successfully Clicked on backBtn element successfully backBtnElement is found successfully Clicked on backBtn element successfully Actual text is matched with the exptected text Actual text is matched with the exptected text Actual text is matched with the exptected text Actual text is matched with the exptected text Actual text is matched with the exptected text Actual text is matched with the exptected text Actual text is matched with the exptected text Actual text is matched with the exptected text Actual text is matched with the exptected text Actual text is matched with the exptected text Actual text is matched with the exptected text Actual text is matched with the exptected text Actual text is matched with the exptected text backBtnElement is found successfully Clicked on backBtn element successfully Actual text is matched with the exptected text Actual text is matched with the exptected text Actual text is matched with the exptected text Actual text is matched with the exptected text Actual text is matched with the exptected text backBtnElement is found successfully Clicked on backBtn element successfully activityTypeElement is found successfully Clicked on activityType element successfully aboutDropdownElement is found successfully Clicked on aboutDropdown element successfully aboutAndMethodTextboxElement is found successfully Entered the Branding Started in the aboutAndMethodTextbox textbox successfully aboutAndMethodTextboxElement is found successfully Tabbing is done Successfully Actual text is matched with the exptected text Actual text is matched with the exptected text Actual text is matched with the exptected text methodDropdownElement is found successfully Clicked on methodDropdown element successfully aboutAndMethodTextboxElement is found successfully Entered the By Email in the aboutAndMethodTextbox textbox successfully aboutAndMethodTextboxElement is found successfully Tabbing is done Successfully activityNotesElement is found successfully activityNotesElement is found successfully Expected Text matched with the Actual Text activityNotesElement is found successfully Expected Text matched with the Actual Text nextElement is found successfully Clicked on next element successfully candidateActivityWindowDateElement is found successfully Date field is Enabled activityTimeElement is found successfully Time field is Enabled activityHourElement is found successfully Hour Field is Enabled activityMinuteElement is found successfully Minute Field is Enabled Actual text is matched with the exptected text Actual text is matched with the exptected text Actual text is matched with the exptected text Text value found for the :activityFeildsInRecapScreen2 Actual text is matched with the exptected text Text value found for the :activityFeildsInRecapScreen2 Actual text is matched with the exptected text Text value found for the :activityFeildsInRecapScreen2 Actual text is matched with the exptected text Actual text is matched with the exptected text Actual text is matched with the exptected text Actual text is matched with the exptected text hoursInRecapScreenElement is found successfully Expected text matched with the Actual Text minsInRecapScreenElement is found successfully Expected text matched with the Actual Text nextElement is found successfully Clicked on next element successfully Expected text matched with the Actual Tex Expected text matched with the Actual Tex Expected text matched with the Actual Tex timeInActivityTabElement is found successfully Expected text matched with the Actual Text aboutInActivityTabElement is found successfully Expected text matched with the Actual Text notesInActivityTabElement is found successfully Expected text matched with the Actual Text consultantTopMenuElement is found successfully Clicked on consultantTopMenu element successfully consultantMyProfileTabElement is found successfully Clicked on consultantMyProfileTab element successfully colleagueMyProfileIndividualReferalDeliveryTimeTabElement is found successfully Clicked on colleagueMyProfileIndividualReferalDeliveryTimeTab element successfully Expected text matched with the Actual Tex Expected text matched with the Actual Tex timeInIndividualReferralDeliveryTimeElement is found successfully Expected text matched with the Actual Text candidateNameInIndividualReferralDeliveryTimeElement is found successfully Expected text matched with the Actual Text methodInIndividualReferralDeliveryTimeElement is found successfully Expected text matched with the Actual Text  </system-out>
</testsuite> <!-- com.lhh.test.ofc.CandidateProfileActivityTests -->
