<?xml version="1.0" encoding="UTF-8"?>
<!-- Generated by org.testng.reporters.JUnitReportReporter -->
<testsuite hostname="LAP-TZD-1x76965" failures="1" tests="1" name="com.lhh.test.hrportal.UploadDocumentTests" time="103.750" errors="0" timestamp="2021-09-13T11:19:40 IST" skipped="0">
  <testcase classname="com.lhh.test.hrportal.UploadDocumentTests" name="TC_37347_VerifySuccessMessageByUploadDifferentFileFormatsOfPersonalFile" time="103.750">
    <failure message="Personal File all format of documents couldn&#039;t be validated successfully" type="java.lang.AssertionError">
      <![CDATA[java.lang.AssertionError: Personal File all format of documents couldn't be validated successfully
at org.testng.Assert.fail(Assert.java:97)
at com.lhh.framework.reports.ReportStep.hardFail(ReportStep.java:85)
at com.lhh.test.businessfunctions.UploadDocumentsPage.verifyPersonalFilesUploadedUsingBrowseButton(UploadDocumentsPage.java:230)
at com.lhh.test.hrportal.UploadDocumentTests.TC_37347_VerifySuccessMessageByUploadDifferentFileFormatsOfPersonalFile(UploadDocumentTests.java:52)
at java.base/jdk.internal.reflect.NativeMethodAccessorImpl.invoke0(Native Method)
at java.base/jdk.internal.reflect.NativeMethodAccessorImpl.invoke(NativeMethodAccessorImpl.java:64)
at java.base/jdk.internal.reflect.DelegatingMethodAccessorImpl.invoke(DelegatingMethodAccessorImpl.java:43)
at java.base/java.lang.reflect.Method.invoke(Method.java:564)
at org.testng.internal.MethodInvocationHelper.invokeMethod(MethodInvocationHelper.java:134)
at org.testng.internal.TestInvoker.invokeMethod(TestInvoker.java:597)
at org.testng.internal.TestInvoker.invokeTestMethod(TestInvoker.java:173)
at org.testng.internal.MethodRunner.runInSequence(MethodRunner.java:46)
at org.testng.internal.TestInvoker$MethodInvocationAgent.invoke(TestInvoker.java:816)
at org.testng.internal.TestInvoker.invokeTestMethods(TestInvoker.java:146)
at org.testng.internal.TestMethodWorker.invokeTestMethods(TestMethodWorker.java:146)
at org.testng.internal.TestMethodWorker.run(TestMethodWorker.java:128)
at java.base/java.util.ArrayList.forEach(ArrayList.java:1511)
at org.testng.TestRunner.privateRun(TestRunner.java:766)
at org.testng.TestRunner.run(TestRunner.java:587)
at org.testng.SuiteRunner.runTest(SuiteRunner.java:384)
at org.testng.SuiteRunner.runSequentially(SuiteRunner.java:378)
at org.testng.SuiteRunner.privateRun(SuiteRunner.java:337)
at org.testng.SuiteRunner.run(SuiteRunner.java:286)
at org.testng.SuiteRunnerWorker.runSuite(SuiteRunnerWorker.java:53)
at org.testng.SuiteRunnerWorker.run(SuiteRunnerWorker.java:96)
at org.testng.TestNG.runSuitesSequentially(TestNG.java:1187)
at org.testng.TestNG.runSuitesLocally(TestNG.java:1109)
at org.testng.TestNG.runSuites(TestNG.java:1039)
at org.testng.TestNG.run(TestNG.java:1007)
at org.testng.remote.AbstractRemoteTestNG.run(AbstractRemoteTestNG.java:115)
at org.testng.remote.RemoteTestNG.initAndRun(RemoteTestNG.java:251)
at org.testng.remote.RemoteTestNG.main(RemoteTestNG.java:77)
]]>
    </failure>
  </testcase> <!-- TC_37347_VerifySuccessMessageByUploadDifferentFileFormatsOfPersonalFile -->
  <system-out>
hrPortalUserNameElement is found successfully Entered the Amazon9092 in the hrPortalUserName textbox successfully hrPortalPasswordElement is found successfully Entered the Amazon@123 in the hrPortalPassword textbox successfully hrPortalEnterSiteElement is found successfully hrPortalEnterSiteElement is found successfully Amazon Login is done successfully myresourcesElement is found successfully My Resources header is displayed myresourcesElement is found successfully My Resources is selected by default uploadDocumentElement is found successfully Upload Document is not selected by default UploadDcoumentElement is found successfully Clicked on UploadDcoument element successfully Upload Document Screen is opened uploadDocumentElement is found successfully Upload Document is selected by default documentSectionElement is found successfully Document Section is displayed Document Type is matching uploadSectionElement is found successfully Upload Section is displayed browseLabelElement is found successfully progressBarElement is found successfully Expected width matches with the Actual width documentNoElement is found successfully documentNoElement is found successfully documentNoElement is found successfully Text value found for the :documentNo  </system-out>
</testsuite> <!-- com.lhh.test.hrportal.UploadDocumentTests -->
