<?xml version="1.0" encoding="UTF-8"?>
<!-- Generated by org.testng.reporters.JUnitReportReporter -->
<testsuite hostname="LAP-TZD-1x76965" failures="0" tests="1" name="com.lhh.test.redeployment.RedeploymentJobSearchUIValidationsTests" time="38.728" errors="0" timestamp="2021-09-02T19:21:09 IST" skipped="0">
  <testcase classname="com.lhh.test.redeployment.RedeploymentJobSearchUIValidationsTests" name="TC_17793_VerifyJobSearchAndJobTrackerTabs" time="38.728"/>
  <system-out>
CookieBannerCloseBtnElement is found successfully Clicked on CookieBannerCloseBtn element successfully Cookie Banner closed successfully usernameCRNElement is found successfully Entered the sanurag16 in the usernameCRN textbox successfully passwordCRNElement is found successfully Entered the P@ssword123 in the passwordCRN textbox successfully letsdothisCRNElement is found successfully letsdothisCRNElement is found successfully Clicked on letsdothisCRN element successfully CRN Login is done successfully redeploymentJobsMenuElement is found successfully Clicked on redeploymentJobsMenu element successfully redeploymentJobSearchTitleElement is found successfully Clicked on redeploymentJobSearchTitle element successfully redeploymentJobSearchTabElement is found successfully Expected Text matched with the Actual Text redeploymentJobTrackerElement is found successfully Clicked on redeploymentJobTracker element successfully redeploymentJobTrackerTabElement is found successfully Expected Text matched with the Actual Text redeploymentJobTrackerTab is displayed successfully  </system-out>
</testsuite> <!-- com.lhh.test.redeployment.RedeploymentJobSearchUIValidationsTests -->
