<?xml version="1.0" encoding="UTF-8"?>
<!-- Generated by org.testng.reporters.JUnitReportReporter -->
<testsuite hostname="LAP-TZD-1x76965" failures="1" tests="1" name="com.lhh.test.ofc.SmokeOFCTests" time="452.805" errors="0" timestamp="2021-07-13T15:05:40 IST" skipped="0">
  <testcase classname="com.lhh.test.ofc.SmokeOFCTests" name="TC_40105_verifyActivityCreatedForSmartScheduled" time="452.805">
    <failure message="Unable to enter Office at meetingVenueTextBox" type="java.lang.AssertionError">
      <![CDATA[java.lang.AssertionError: Unable to enter Office at meetingVenueTextBox
at org.testng.Assert.fail(Assert.java:97)
at com.lhh.framework.reports.ReportStep.hardFail(ReportStep.java:87)
at com.lhh.framework.seleniumactions.SeleniumHelper.enterValue(SeleniumHelper.java:330)
at com.lhh.test.businessfunctions.CandidateCardsPage.selectOfficeVenueType(CandidateCardsPage.java:1506)
at com.lhh.test.ofc.SmokeOFCTests.TC_40105_verifyActivityCreatedForSmartScheduled(SmokeOFCTests.java:478)
at java.base/jdk.internal.reflect.NativeMethodAccessorImpl.invoke0(Native Method)
at java.base/jdk.internal.reflect.NativeMethodAccessorImpl.invoke(NativeMethodAccessorImpl.java:64)
at java.base/jdk.internal.reflect.DelegatingMethodAccessorImpl.invoke(DelegatingMethodAccessorImpl.java:43)
at java.base/java.lang.reflect.Method.invoke(Method.java:564)
at org.testng.internal.MethodInvocationHelper.invokeMethod(MethodInvocationHelper.java:134)
at org.testng.internal.TestInvoker.invokeMethod(TestInvoker.java:597)
at org.testng.internal.TestInvoker.invokeTestMethod(TestInvoker.java:173)
at org.testng.internal.MethodRunner.runInSequence(MethodRunner.java:46)
at org.testng.internal.TestInvoker$MethodInvocationAgent.invoke(TestInvoker.java:816)
at org.testng.internal.TestInvoker.invokeTestMethods(TestInvoker.java:146)
at org.testng.internal.TestMethodWorker.invokeTestMethods(TestMethodWorker.java:146)
at org.testng.internal.TestMethodWorker.run(TestMethodWorker.java:128)
at java.base/java.util.ArrayList.forEach(ArrayList.java:1511)
at org.testng.TestRunner.privateRun(TestRunner.java:766)
at org.testng.TestRunner.run(TestRunner.java:587)
at org.testng.SuiteRunner.runTest(SuiteRunner.java:384)
at org.testng.SuiteRunner.runSequentially(SuiteRunner.java:378)
at org.testng.SuiteRunner.privateRun(SuiteRunner.java:337)
at org.testng.SuiteRunner.run(SuiteRunner.java:286)
at org.testng.SuiteRunnerWorker.runSuite(SuiteRunnerWorker.java:53)
at org.testng.SuiteRunnerWorker.run(SuiteRunnerWorker.java:96)
at org.testng.TestNG.runSuitesSequentially(TestNG.java:1187)
at org.testng.TestNG.runSuitesLocally(TestNG.java:1109)
at org.testng.TestNG.runSuites(TestNG.java:1039)
at org.testng.TestNG.run(TestNG.java:1007)
at org.testng.remote.AbstractRemoteTestNG.run(AbstractRemoteTestNG.java:115)
at org.testng.remote.RemoteTestNG.initAndRun(RemoteTestNG.java:251)
at org.testng.remote.RemoteTestNG.main(RemoteTestNG.java:77)
]]>
    </failure>
  </testcase> <!-- TC_40105_verifyActivityCreatedForSmartScheduled -->
  <system-out>
emailSSOElement is found successfully Entered the Ritesh.Sahu@lhh.com in the emailSSO textbox successfully passwordSSOElement is found successfully Entered the Appleqwer440@ in the passwordSSO textbox successfully signInSSOElement is found successfully Clicked on signInSSO element successfully SSO Login is done successfully consultantTopMenuElement is found successfully Consultant Top Menu is clicked successfully consultantMyProfileTabElement is found successfully Clicked on consultantMyProfileTab element successfully colleagueAvailabilityTabElement is found successfully Clicked on colleagueAvailabilityTab element successfully Availability Tab is clicked Clicked on availabilityPlusIcon element successfully Clicked on availabilityStartTime element successfully Clicked on availabilityEndTime element successfully availabilityTypeDDElement is found successfully Clicked on availabilityTypeDD element successfully typeTextBoxElement is found successfully Entered the Delivery Colleague in the typeTextBox textbox successfully typeTextBoxElement is found successfully Tabbing is done Successfully availabilityTypeDDElement is found successfully Clicked on availabilityTypeDD element successfully availabilityTypeTextBoxElement is found successfully Entered the Office in the availabilityTypeTextBox textbox successfully availabilityTypeTextBoxElement is found successfully Tabbing is done Successfully Clicked on availabilityOffice element successfully availabilityTypeTextBoxElement is found successfully Entered the Information Technology in the availabilityTypeTextBox textbox successfully availabilityTypeTextBoxElement is found successfully Tabbing is done Successfully SaveAvailabilityBtnElement is found successfully Clicked on SaveAvailabilityBtn element successfully queuesTabElement is found successfully Clicked on queuesTab element successfully queuesScheduledTabElement is found successfully Clicked on queuesScheduledTab element successfully candidateSearchBoxElement is found successfully Entered the Daneil in the candidateSearchBox textbox successfully candidateNameListElement is found successfully candidateNameOnCardElement is found successfully Clicked on candidateNameOnCard element successfully Text value found for the :candidateProfileReferralId emailIconForActivityElement is found successfully Clicked on emailIconForActivity element successfully candidateNameInEmailActivityElement is found successfully Expected Text matched with the Actual Text colleagueCreateMessageModalColleagueElement is found successfully Clicked on colleagueCreateMessageModalColleague element successfully Entered the Dey, Sumit in the colleagueCreateMessageModalColleagueTextBox textbox successfully Text value found for the :colleagueCreateMessageModalColleagueTextBox Tabbing is done Successfully aboutTextboxInEmailActivityElement is found successfully Entered the This is to test an Email Activity in the aboutTextboxInEmailActivity textbox successfully Actual text is matched with the exptected text Actual text is matched with the exptected text Actual text is matched with the exptected text messageTextEditorElement is found successfully Clicked on messageTextEditor element successfully insertSmatScheduleBtnElement is found successfully Clicked on insertSmatScheduleBtn element successfully meetingLengthElement is found successfully Expected text matched with the Actual Text meetingVenueDDElement is found successfully Clicked on meetingVenueDD element successfully Actual text is matched with the exptected text Actual text is matched with the exptected text Actual text is matched with the exptected text meetingVenueTextBoxElement is found successfully  </system-out>
</testsuite> <!-- com.lhh.test.ofc.SmokeOFCTests -->
