<?xml version="1.0" encoding="UTF-8"?>
<!-- Generated by org.testng.reporters.JUnitReportReporter -->
<testsuite hostname="LAP-TZD-1x76965" failures="0" tests="1" name="com.lhh.test.redeploymentPhase2.ColleagueBioDataTests" time="254.603" errors="0" timestamp="2021-09-10T10:56:16 IST" skipped="0">
  <testcase classname="com.lhh.test.redeploymentPhase2.ColleagueBioDataTests" name="TC_60145_VerifyUserAbleToSaveDetailsInBioTab" time="254.603"/>
  <system-out>
emailSSOElement is found successfully Entered the Pooja.Sinha@lhh.com in the emailSSO textbox successfully passwordSSOElement is found successfully Entered the Test@@9990 in the passwordSSO textbox successfully signInSSOElement is found successfully Clicked on signInSSO element successfully SSO Login is done successfully colleagueProfileExpandDownElement is found successfully colleagueMyProfileOptionElement is found successfully ActivityEventUnderColleagueIndividualReferralDeliveryTime are validated successfully bioTabElement is found successfully Bio Tab sub menu is displayed bioTabElement is found successfully ColleagueProfile Bio Menu is clicked successfully bioTabIsSelectedElement is found successfully bioTabIsSelectedElement is found successfully Expected Text matched with the Actual Text Bio page is opened colleaguebioPagePhotoElement is found successfully Colleague Bio section image is not displayed colleagueFirstNameLastNameElement is found successfully colleagueFirstNameLastNameElement is found successfully Text value found for the :colleagueFirstNameLastName Colleague Bio section First Name and last Name is not displayed consultantTopMenuElement is found successfully Consultant Top Menu is clicked successfully topProfileMenuElement is found successfully Clicked on topProfileMenu element successfully userDetailsPrimaryLanguageElement is found successfully userDetailsPrimaryLanguageElement is found successfully Text value found for the :userDetailsPrimaryLanguage colleagueProfileExpandDownElement is found successfully colleagueMyProfileOptionElement is found successfully ActivityEventUnderColleagueIndividualReferralDeliveryTime are validated successfully bioTabElement is found successfully Bio Tab sub menu is displayed bioTabElement is found successfully ColleagueProfile Bio Menu is clicked successfully collagueDefaultLanguageInBioSectionElement is found successfully collagueDefaultLanguageInBioSectionElement is found successfully Text value found for the :collagueDefaultLanguageInBioSection Actual text is matched with the exptected text Colleague language is displayed in Bio Section proffessionalSummaryLabelElement is found successfully professionalTextareaElement is found successfully Entered the 6 years experience in the professionalTextarea textbox successfully qualificationsElement is found successfully qualificationTextareaElement is found successfully Entered the B.Tech in the qualificationTextarea textbox successfully aboutMeLabelElement is found successfully aboutMeTextareaElement is found successfully Entered the Ambitious in the aboutMeTextarea textbox successfully saveInBioPageElement is found successfully Save is clicked successfully proffessionalSummaryLabelElement is found successfully professionalTextareaElement is found successfully cleared professionalTextarea element successfully professionalTextareaElement is found successfully Expected Color matched with the Actual Color qualificationsElement is found successfully qualificationTextareaElement is found successfully cleared qualificationTextarea element successfully qualificationTextareaElement is found successfully Expected Color matched with the Actual Color aboutMeLabelElement is found successfully aboutMeTextareaElement is found successfully cleared aboutMeTextarea element successfully aboutMeTextareaElement is found successfully Expected Color matched with the Actual Color Minus Icon is displayed bioMinusIconElement is found successfully Bio Tab Minus icon is clicked successfully modalBoxForDeleteElement is found successfully confirmationMessageForDeleteElement is found successfully confirmationMessageForDeleteElement is found successfully Text value found for the :confirmationMessageForDelete Actual text is matched with the exptected text noButtonElement is found successfully noButtonElement is found successfully Text value found for the :noButton Actual text is matched with the exptected text yesButtonElement is found successfully yesButtonElement is found successfully Text value found for the :yesButton Actual text is matched with the exptected text Confirmation Modal Box is opened and fields are verified noButtonElement is found successfully noButtonElement is found successfully Text value found for the :noButton Actual text is matched with the exptected text noButtonElement is found successfully Minus icon is displayed Plus icon is displayed bioMinusIconElement is found successfully Bio Tab Minus icon is clicked successfully yesButtonElement is found successfully yesButtonElement is found successfully Text value found for the :yesButton Actual text is matched with the exptected text yesButtonElement is found successfully Plus Icon is displayed  </system-out>
</testsuite> <!-- com.lhh.test.redeploymentPhase2.ColleagueBioDataTests -->
